{"/home/azureuser/Test 1/server5.js": {"path":"/home/azureuser/Test 1/server5.js","statementMap":{"0":{"start":{"line":1,"column":14},"end":{"line":1,"column":32}},"1":{"start":{"line":2,"column":10},"end":{"line":2,"column":19}},"2":{"start":{"line":4,"column":19},"end":{"line":4,"column":41}},"3":{"start":{"line":7,"column":11},"end":{"line":7,"column":26}},"4":{"start":{"line":8,"column":14},"end":{"line":8,"column":43}},"5":{"start":{"line":9,"column":24},"end":{"line":9,"column":42}},"6":{"start":{"line":10,"column":21},"end":{"line":10,"column":39}},"7":{"start":{"line":11,"column":15},"end":{"line":11,"column":42}},"8":{"start":{"line":12,"column":12},"end":{"line":12,"column":39}},"9":{"start":{"line":13,"column":15},"end":{"line":13,"column":35}},"10":{"start":{"line":15,"column":19},"end":{"line":15,"column":37}},"11":{"start":{"line":16,"column":15},"end":{"line":16,"column":27}},"12":{"start":{"line":19,"column":16},"end":{"line":19,"column":34}},"13":{"start":{"line":20,"column":18},"end":{"line":20,"column":36}},"14":{"start":{"line":21,"column":0},"end":{"line":21,"column":24}},"15":{"start":{"line":23,"column":0},"end":{"line":23,"column":27}},"16":{"start":{"line":24,"column":0},"end":{"line":24,"column":51}},"17":{"start":{"line":26,"column":0},"end":{"line":26,"column":27}},"18":{"start":{"line":27,"column":0},"end":{"line":27,"column":30}},"19":{"start":{"line":28,"column":0},"end":{"line":28,"column":54}},"20":{"start":{"line":34,"column":20},"end":{"line":34,"column":61}},"21":{"start":{"line":35,"column":19},"end":{"line":35,"column":54}},"22":{"start":{"line":36,"column":23},"end":{"line":36,"column":68}},"23":{"start":{"line":37,"column":23},"end":{"line":37,"column":62}},"24":{"start":{"line":38,"column":16},"end":{"line":38,"column":53}},"25":{"start":{"line":40,"column":22},"end":{"line":40,"column":73}},"26":{"start":{"line":43,"column":22},"end":{"line":43,"column":73}},"27":{"start":{"line":44,"column":17},"end":{"line":44,"column":63}},"28":{"start":{"line":45,"column":20},"end":{"line":45,"column":69}},"29":{"start":{"line":46,"column":27},"end":{"line":46,"column":86}},"30":{"start":{"line":47,"column":23},"end":{"line":47,"column":78}},"31":{"start":{"line":48,"column":18},"end":{"line":48,"column":65}},"32":{"start":{"line":50,"column":19},"end":{"line":50,"column":73}},"33":{"start":{"line":51,"column":19},"end":{"line":51,"column":74}},"34":{"start":{"line":52,"column":22},"end":{"line":52,"column":80}},"35":{"start":{"line":54,"column":26},"end":{"line":54,"column":68}},"36":{"start":{"line":55,"column":29},"end":{"line":55,"column":74}},"37":{"start":{"line":57,"column":23},"end":{"line":57,"column":72}},"38":{"start":{"line":58,"column":20},"end":{"line":58,"column":56}},"39":{"start":{"line":61,"column":0},"end":{"line":65,"column":7}},"40":{"start":{"line":64,"column":8},"end":{"line":64,"column":83}},"41":{"start":{"line":68,"column":0},"end":{"line":77,"column":3}},"42":{"start":{"line":69,"column":15},"end":{"line":69,"column":28}},"43":{"start":{"line":76,"column":4},"end":{"line":76,"column":27}},"44":{"start":{"line":83,"column":0},"end":{"line":98,"column":3}},"45":{"start":{"line":84,"column":14},"end":{"line":84,"column":33}},"46":{"start":{"line":85,"column":15},"end":{"line":85,"column":36}},"47":{"start":{"line":86,"column":15},"end":{"line":86,"column":45}},"48":{"start":{"line":87,"column":4},"end":{"line":87,"column":25}},"49":{"start":{"line":88,"column":25},"end":{"line":88,"column":39}},"50":{"start":{"line":90,"column":19},"end":{"line":90,"column":70}},"51":{"start":{"line":91,"column":4},"end":{"line":91,"column":23}},"52":{"start":{"line":92,"column":4},"end":{"line":97,"column":5}},"53":{"start":{"line":93,"column":8},"end":{"line":93,"column":50}},"54":{"start":{"line":96,"column":8},"end":{"line":96,"column":37}},"55":{"start":{"line":105,"column":0},"end":{"line":120,"column":3}},"56":{"start":{"line":107,"column":14},"end":{"line":107,"column":33}},"57":{"start":{"line":108,"column":15},"end":{"line":108,"column":28}},"58":{"start":{"line":110,"column":25},"end":{"line":110,"column":39}},"59":{"start":{"line":111,"column":4},"end":{"line":111,"column":46}},"60":{"start":{"line":112,"column":17},"end":{"line":112,"column":45}},"61":{"start":{"line":113,"column":4},"end":{"line":118,"column":5}},"62":{"start":{"line":114,"column":8},"end":{"line":114,"column":49}},"63":{"start":{"line":117,"column":8},"end":{"line":117,"column":35}},"64":{"start":{"line":128,"column":0},"end":{"line":150,"column":3}},"65":{"start":{"line":129,"column":14},"end":{"line":129,"column":33}},"66":{"start":{"line":130,"column":15},"end":{"line":130,"column":28}},"67":{"start":{"line":131,"column":26},"end":{"line":131,"column":41}},"68":{"start":{"line":133,"column":4},"end":{"line":149,"column":5}},"69":{"start":{"line":134,"column":8},"end":{"line":134,"column":35}},"70":{"start":{"line":137,"column":8},"end":{"line":137,"column":53}},"71":{"start":{"line":138,"column":8},"end":{"line":140,"column":9}},"72":{"start":{"line":139,"column":12},"end":{"line":139,"column":59}},"73":{"start":{"line":141,"column":22},"end":{"line":141,"column":68}},"74":{"start":{"line":142,"column":8},"end":{"line":147,"column":9}},"75":{"start":{"line":143,"column":12},"end":{"line":143,"column":40}},"76":{"start":{"line":146,"column":12},"end":{"line":146,"column":40}},"77":{"start":{"line":157,"column":0},"end":{"line":161,"column":6}},"78":{"start":{"line":159,"column":22},"end":{"line":159,"column":50}},"79":{"start":{"line":160,"column":8},"end":{"line":160,"column":35}},"80":{"start":{"line":168,"column":0},"end":{"line":215,"column":1}},"81":{"start":{"line":178,"column":8},"end":{"line":212,"column":9}},"82":{"start":{"line":179,"column":12},"end":{"line":179,"column":76}},"83":{"start":{"line":184,"column":12},"end":{"line":186,"column":13}},"84":{"start":{"line":185,"column":16},"end":{"line":185,"column":53}},"85":{"start":{"line":187,"column":12},"end":{"line":189,"column":13}},"86":{"start":{"line":188,"column":16},"end":{"line":188,"column":54}},"87":{"start":{"line":190,"column":12},"end":{"line":192,"column":13}},"88":{"start":{"line":191,"column":16},"end":{"line":191,"column":62}},"89":{"start":{"line":193,"column":12},"end":{"line":195,"column":13}},"90":{"start":{"line":194,"column":16},"end":{"line":194,"column":59}},"91":{"start":{"line":196,"column":29},"end":{"line":196,"column":48}},"92":{"start":{"line":197,"column":31},"end":{"line":197,"column":52}},"93":{"start":{"line":198,"column":31},"end":{"line":198,"column":51}},"94":{"start":{"line":199,"column":29},"end":{"line":199,"column":49}},"95":{"start":{"line":200,"column":33},"end":{"line":200,"column":56}},"96":{"start":{"line":201,"column":30},"end":{"line":207,"column":13}},"97":{"start":{"line":210,"column":12},"end":{"line":210,"column":74}},"98":{"start":{"line":222,"column":0},"end":{"line":296,"column":1}},"99":{"start":{"line":225,"column":8},"end":{"line":227,"column":9}},"100":{"start":{"line":226,"column":12},"end":{"line":226,"column":35}},"101":{"start":{"line":228,"column":8},"end":{"line":230,"column":9}},"102":{"start":{"line":229,"column":12},"end":{"line":229,"column":36}},"103":{"start":{"line":232,"column":23},"end":{"line":232,"column":41}},"104":{"start":{"line":233,"column":30},"end":{"line":233,"column":46}},"105":{"start":{"line":234,"column":28},"end":{"line":234,"column":50}},"106":{"start":{"line":235,"column":33},"end":{"line":235,"column":63}},"107":{"start":{"line":236,"column":25},"end":{"line":236,"column":47}},"108":{"start":{"line":237,"column":19},"end":{"line":237,"column":28}},"109":{"start":{"line":238,"column":21},"end":{"line":238,"column":38}},"110":{"start":{"line":239,"column":23},"end":{"line":239,"column":42}},"111":{"start":{"line":240,"column":8},"end":{"line":240,"column":74}},"112":{"start":{"line":241,"column":8},"end":{"line":294,"column":9}},"113":{"start":{"line":242,"column":12},"end":{"line":293,"column":13}},"114":{"start":{"line":243,"column":16},"end":{"line":260,"column":17}},"115":{"start":{"line":244,"column":20},"end":{"line":248,"column":23}},"116":{"start":{"line":245,"column":24},"end":{"line":245,"column":43}},"117":{"start":{"line":245,"column":33},"end":{"line":245,"column":43}},"118":{"start":{"line":246,"column":24},"end":{"line":246,"column":102}},"119":{"start":{"line":247,"column":24},"end":{"line":247,"column":82}},"120":{"start":{"line":250,"column":20},"end":{"line":250,"column":92}},"121":{"start":{"line":251,"column":20},"end":{"line":254,"column":23}},"122":{"start":{"line":252,"column":24},"end":{"line":252,"column":43}},"123":{"start":{"line":252,"column":33},"end":{"line":252,"column":43}},"124":{"start":{"line":253,"column":24},"end":{"line":253,"column":102}},"125":{"start":{"line":255,"column":20},"end":{"line":255,"column":62}},"126":{"start":{"line":256,"column":20},"end":{"line":258,"column":21}},"127":{"start":{"line":257,"column":24},"end":{"line":257,"column":69}},"128":{"start":{"line":259,"column":20},"end":{"line":259,"column":76}},"129":{"start":{"line":263,"column":16},"end":{"line":292,"column":17}},"130":{"start":{"line":264,"column":20},"end":{"line":267,"column":23}},"131":{"start":{"line":265,"column":24},"end":{"line":265,"column":43}},"132":{"start":{"line":265,"column":33},"end":{"line":265,"column":43}},"133":{"start":{"line":266,"column":24},"end":{"line":266,"column":101}},"134":{"start":{"line":268,"column":20},"end":{"line":268,"column":78}},"135":{"start":{"line":271,"column":33},"end":{"line":271,"column":41}},"136":{"start":{"line":272,"column":34},"end":{"line":272,"column":44}},"137":{"start":{"line":273,"column":20},"end":{"line":273,"column":53}},"138":{"start":{"line":274,"column":20},"end":{"line":274,"column":61}},"139":{"start":{"line":276,"column":20},"end":{"line":276,"column":95}},"140":{"start":{"line":278,"column":20},"end":{"line":281,"column":23}},"141":{"start":{"line":279,"column":24},"end":{"line":279,"column":43}},"142":{"start":{"line":279,"column":33},"end":{"line":279,"column":43}},"143":{"start":{"line":280,"column":24},"end":{"line":280,"column":101}},"144":{"start":{"line":283,"column":20},"end":{"line":283,"column":62}},"145":{"start":{"line":284,"column":20},"end":{"line":287,"column":21}},"146":{"start":{"line":286,"column":24},"end":{"line":286,"column":69}},"147":{"start":{"line":288,"column":20},"end":{"line":288,"column":76}},"148":{"start":{"line":290,"column":20},"end":{"line":290,"column":99}},"149":{"start":{"line":291,"column":20},"end":{"line":291,"column":102}},"150":{"start":{"line":299,"column":18},"end":{"line":299,"column":34}},"151":{"start":{"line":300,"column":15},"end":{"line":300,"column":42}},"152":{"start":{"line":301,"column":16},"end":{"line":301,"column":40}},"153":{"start":{"line":302,"column":15},"end":{"line":302,"column":38}},"154":{"start":{"line":303,"column":22},"end":{"line":303,"column":53}},"155":{"start":{"line":304,"column":4},"end":{"line":304,"column":21}},"156":{"start":{"line":313,"column":0},"end":{"line":335,"column":3}},"157":{"start":{"line":314,"column":18},"end":{"line":314,"column":32}},"158":{"start":{"line":315,"column":24},"end":{"line":315,"column":44}},"159":{"start":{"line":316,"column":20},"end":{"line":316,"column":36}},"160":{"start":{"line":317,"column":15},"end":{"line":317,"column":40}},"161":{"start":{"line":318,"column":14},"end":{"line":318,"column":38}},"162":{"start":{"line":319,"column":16},"end":{"line":319,"column":39}},"163":{"start":{"line":320,"column":30},"end":{"line":320,"column":56}},"164":{"start":{"line":321,"column":4},"end":{"line":321,"column":43}},"165":{"start":{"line":323,"column":22},"end":{"line":323,"column":37}},"166":{"start":{"line":326,"column":20},"end":{"line":326,"column":67}},"167":{"start":{"line":327,"column":17},"end":{"line":327,"column":37}},"168":{"start":{"line":328,"column":4},"end":{"line":328,"column":65}},"169":{"start":{"line":329,"column":16},"end":{"line":329,"column":49}},"170":{"start":{"line":330,"column":20},"end":{"line":330,"column":131}},"171":{"start":{"line":331,"column":4},"end":{"line":334,"column":6}},"172":{"start":{"line":343,"column":0},"end":{"line":410,"column":3}},"173":{"start":{"line":344,"column":14},"end":{"line":344,"column":33}},"174":{"start":{"line":345,"column":15},"end":{"line":345,"column":36}},"175":{"start":{"line":346,"column":23},"end":{"line":346,"column":53}},"176":{"start":{"line":347,"column":19},"end":{"line":347,"column":35}},"177":{"start":{"line":348,"column":25},"end":{"line":348,"column":46}},"178":{"start":{"line":349,"column":21},"end":{"line":349,"column":38}},"179":{"start":{"line":350,"column":22},"end":{"line":350,"column":52}},"180":{"start":{"line":351,"column":23},"end":{"line":351,"column":44}},"181":{"start":{"line":352,"column":21},"end":{"line":352,"column":38}},"182":{"start":{"line":354,"column":4},"end":{"line":354,"column":42}},"183":{"start":{"line":355,"column":4},"end":{"line":355,"column":26}},"184":{"start":{"line":357,"column":23},"end":{"line":357,"column":37}},"185":{"start":{"line":358,"column":4},"end":{"line":358,"column":30}},"186":{"start":{"line":359,"column":4},"end":{"line":359,"column":47}},"187":{"start":{"line":360,"column":18},"end":{"line":360,"column":28}},"188":{"start":{"line":361,"column":15},"end":{"line":361,"column":36}},"189":{"start":{"line":362,"column":16},"end":{"line":362,"column":34}},"190":{"start":{"line":363,"column":15},"end":{"line":363,"column":32}},"191":{"start":{"line":364,"column":16},"end":{"line":364,"column":34}},"192":{"start":{"line":365,"column":18},"end":{"line":365,"column":38}},"193":{"start":{"line":366,"column":18},"end":{"line":366,"column":38}},"194":{"start":{"line":368,"column":22},"end":{"line":368,"column":99}},"195":{"start":{"line":391,"column":15},"end":{"line":391,"column":79}},"196":{"start":{"line":394,"column":19},"end":{"line":394,"column":144}},"197":{"start":{"line":395,"column":4},"end":{"line":409,"column":5}},"198":{"start":{"line":396,"column":8},"end":{"line":396,"column":59}},"199":{"start":{"line":397,"column":21},"end":{"line":397,"column":39}},"200":{"start":{"line":398,"column":26},"end":{"line":398,"column":56}},"201":{"start":{"line":399,"column":20},"end":{"line":399,"column":51}},"202":{"start":{"line":400,"column":22},"end":{"line":400,"column":37}},"203":{"start":{"line":401,"column":8},"end":{"line":401,"column":77}},"204":{"start":{"line":403,"column":9},"end":{"line":409,"column":5}},"205":{"start":{"line":404,"column":8},"end":{"line":404,"column":67}},"206":{"start":{"line":407,"column":8},"end":{"line":407,"column":41}},"207":{"start":{"line":408,"column":8},"end":{"line":408,"column":76}},"208":{"start":{"line":458,"column":0},"end":{"line":470,"column":3}},"209":{"start":{"line":459,"column":15},"end":{"line":459,"column":36}},"210":{"start":{"line":460,"column":23},"end":{"line":460,"column":53}},"211":{"start":{"line":461,"column":19},"end":{"line":461,"column":35}},"212":{"start":{"line":462,"column":17},"end":{"line":462,"column":30}},"213":{"start":{"line":463,"column":24},"end":{"line":463,"column":44}},"214":{"start":{"line":464,"column":4},"end":{"line":464,"column":25}},"215":{"start":{"line":465,"column":23},"end":{"line":465,"column":37}},"216":{"start":{"line":466,"column":4},"end":{"line":466,"column":30}},"217":{"start":{"line":467,"column":4},"end":{"line":467,"column":39}},"218":{"start":{"line":468,"column":4},"end":{"line":468,"column":67}},"219":{"start":{"line":469,"column":4},"end":{"line":469,"column":46}},"220":{"start":{"line":528,"column":0},"end":{"line":535,"column":3}},"221":{"start":{"line":529,"column":23},"end":{"line":529,"column":44}},"222":{"start":{"line":530,"column":21},"end":{"line":530,"column":38}},"223":{"start":{"line":531,"column":4},"end":{"line":531,"column":35}},"224":{"start":{"line":532,"column":4},"end":{"line":532,"column":26}},"225":{"start":{"line":533,"column":4},"end":{"line":533,"column":58}},"226":{"start":{"line":534,"column":4},"end":{"line":534,"column":61}},"227":{"start":{"line":543,"column":0},"end":{"line":555,"column":3}},"228":{"start":{"line":544,"column":23},"end":{"line":544,"column":35}},"229":{"start":{"line":545,"column":4},"end":{"line":545,"column":34}},"230":{"start":{"line":546,"column":4},"end":{"line":546,"column":28}},"231":{"start":{"line":547,"column":21},"end":{"line":547,"column":38}},"232":{"start":{"line":548,"column":17},"end":{"line":548,"column":35}},"233":{"start":{"line":550,"column":4},"end":{"line":550,"column":26}},"234":{"start":{"line":551,"column":19},"end":{"line":551,"column":75}},"235":{"start":{"line":552,"column":4},"end":{"line":552,"column":55}},"236":{"start":{"line":553,"column":4},"end":{"line":553,"column":23}},"237":{"start":{"line":554,"column":4},"end":{"line":554,"column":48}},"238":{"start":{"line":559,"column":0},"end":{"line":561,"column":2}},"239":{"start":{"line":560,"column":4},"end":{"line":560,"column":58}},"240":{"start":{"line":564,"column":4},"end":{"line":575,"column":5}},"241":{"start":{"line":565,"column":8},"end":{"line":565,"column":31}},"242":{"start":{"line":566,"column":8},"end":{"line":566,"column":51}},"243":{"start":{"line":567,"column":21},"end":{"line":571,"column":10}},"244":{"start":{"line":568,"column":23},"end":{"line":568,"column":47}},"245":{"start":{"line":569,"column":23},"end":{"line":569,"column":44}},"246":{"start":{"line":570,"column":12},"end":{"line":570,"column":92}},"247":{"start":{"line":573,"column":8},"end":{"line":573,"column":28}},"248":{"start":{"line":574,"column":8},"end":{"line":574,"column":28}},"249":{"start":{"line":578,"column":0},"end":{"line":578,"column":6}},"250":{"start":{"line":580,"column":0},"end":{"line":580,"column":21}}},"fnMap":{"0":{"name":"(anonymous_0)","decl":{"start":{"line":62,"column":4},"end":{"line":62,"column":5}},"loc":{"start":{"line":62,"column":30},"end":{"line":65,"column":5}},"line":62},"1":{"name":"(anonymous_1)","decl":{"start":{"line":68,"column":15},"end":{"line":68,"column":16}},"loc":{"start":{"line":68,"column":41},"end":{"line":77,"column":1}},"line":68},"2":{"name":"(anonymous_2)","decl":{"start":{"line":83,"column":22},"end":{"line":83,"column":23}},"loc":{"start":{"line":83,"column":48},"end":{"line":98,"column":1}},"line":83},"3":{"name":"(anonymous_3)","decl":{"start":{"line":105,"column":29},"end":{"line":105,"column":30}},"loc":{"start":{"line":105,"column":49},"end":{"line":120,"column":1}},"line":105},"4":{"name":"(anonymous_4)","decl":{"start":{"line":128,"column":29},"end":{"line":128,"column":30}},"loc":{"start":{"line":128,"column":55},"end":{"line":150,"column":1}},"line":128},"5":{"name":"(anonymous_5)","decl":{"start":{"line":158,"column":4},"end":{"line":158,"column":5}},"loc":{"start":{"line":158,"column":30},"end":{"line":161,"column":5}},"line":158},"6":{"name":"(anonymous_6)","decl":{"start":{"line":169,"column":4},"end":{"line":169,"column":5}},"loc":{"start":{"line":169,"column":30},"end":{"line":214,"column":5}},"line":169},"7":{"name":"(anonymous_7)","decl":{"start":{"line":223,"column":4},"end":{"line":223,"column":5}},"loc":{"start":{"line":223,"column":30},"end":{"line":295,"column":5}},"line":223},"8":{"name":"(anonymous_8)","decl":{"start":{"line":244,"column":95},"end":{"line":244,"column":96}},"loc":{"start":{"line":244,"column":115},"end":{"line":248,"column":21}},"line":244},"9":{"name":"(anonymous_9)","decl":{"start":{"line":251,"column":95},"end":{"line":251,"column":96}},"loc":{"start":{"line":251,"column":115},"end":{"line":254,"column":21}},"line":251},"10":{"name":"(anonymous_10)","decl":{"start":{"line":264,"column":105},"end":{"line":264,"column":106}},"loc":{"start":{"line":264,"column":125},"end":{"line":267,"column":21}},"line":264},"11":{"name":"(anonymous_11)","decl":{"start":{"line":278,"column":95},"end":{"line":278,"column":96}},"loc":{"start":{"line":278,"column":115},"end":{"line":281,"column":21}},"line":278},"12":{"name":"getDate","decl":{"start":{"line":298,"column":15},"end":{"line":298,"column":22}},"loc":{"start":{"line":298,"column":25},"end":{"line":305,"column":1}},"line":298},"13":{"name":"(anonymous_13)","decl":{"start":{"line":313,"column":25},"end":{"line":313,"column":26}},"loc":{"start":{"line":313,"column":45},"end":{"line":335,"column":1}},"line":313},"14":{"name":"(anonymous_14)","decl":{"start":{"line":343,"column":25},"end":{"line":343,"column":26}},"loc":{"start":{"line":343,"column":45},"end":{"line":410,"column":1}},"line":343},"15":{"name":"(anonymous_15)","decl":{"start":{"line":458,"column":18},"end":{"line":458,"column":19}},"loc":{"start":{"line":458,"column":38},"end":{"line":470,"column":1}},"line":458},"16":{"name":"(anonymous_16)","decl":{"start":{"line":528,"column":35},"end":{"line":528,"column":36}},"loc":{"start":{"line":528,"column":61},"end":{"line":535,"column":1}},"line":528},"17":{"name":"(anonymous_17)","decl":{"start":{"line":543,"column":28},"end":{"line":543,"column":29}},"loc":{"start":{"line":543,"column":48},"end":{"line":555,"column":1}},"line":543},"18":{"name":"(anonymous_18)","decl":{"start":{"line":559,"column":27},"end":{"line":559,"column":28}},"loc":{"start":{"line":559,"column":47},"end":{"line":561,"column":1}},"line":559},"19":{"name":"run","decl":{"start":{"line":563,"column":15},"end":{"line":563,"column":18}},"loc":{"start":{"line":563,"column":21},"end":{"line":576,"column":1}},"line":563},"20":{"name":"(anonymous_20)","decl":{"start":{"line":567,"column":38},"end":{"line":567,"column":39}},"loc":{"start":{"line":567,"column":52},"end":{"line":571,"column":9}},"line":567}},"branchMap":{"0":{"loc":{"start":{"line":92,"column":4},"end":{"line":97,"column":5}},"type":"if","locations":[{"start":{"line":92,"column":4},"end":{"line":97,"column":5}},{"start":{"line":95,"column":9},"end":{"line":97,"column":5}}],"line":92},"1":{"loc":{"start":{"line":92,"column":8},"end":{"line":92,"column":38}},"type":"binary-expr","locations":[{"start":{"line":92,"column":8},"end":{"line":92,"column":22}},{"start":{"line":92,"column":26},"end":{"line":92,"column":38}}],"line":92},"2":{"loc":{"start":{"line":113,"column":4},"end":{"line":118,"column":5}},"type":"if","locations":[{"start":{"line":113,"column":4},"end":{"line":118,"column":5}},{"start":{"line":116,"column":8},"end":{"line":118,"column":5}}],"line":113},"3":{"loc":{"start":{"line":133,"column":4},"end":{"line":149,"column":5}},"type":"if","locations":[{"start":{"line":133,"column":4},"end":{"line":149,"column":5}},{"start":{"line":136,"column":8},"end":{"line":149,"column":5}}],"line":133},"4":{"loc":{"start":{"line":138,"column":8},"end":{"line":140,"column":9}},"type":"if","locations":[{"start":{"line":138,"column":8},"end":{"line":140,"column":9}},{"start":{},"end":{}}],"line":138},"5":{"loc":{"start":{"line":142,"column":8},"end":{"line":147,"column":9}},"type":"if","locations":[{"start":{"line":142,"column":8},"end":{"line":147,"column":9}},{"start":{"line":145,"column":12},"end":{"line":147,"column":9}}],"line":142},"6":{"loc":{"start":{"line":178,"column":8},"end":{"line":212,"column":9}},"type":"if","locations":[{"start":{"line":178,"column":8},"end":{"line":212,"column":9}},{"start":{"line":182,"column":12},"end":{"line":212,"column":9}}],"line":178},"7":{"loc":{"start":{"line":184,"column":12},"end":{"line":186,"column":13}},"type":"if","locations":[{"start":{"line":184,"column":12},"end":{"line":186,"column":13}},{"start":{},"end":{}}],"line":184},"8":{"loc":{"start":{"line":187,"column":12},"end":{"line":189,"column":13}},"type":"if","locations":[{"start":{"line":187,"column":12},"end":{"line":189,"column":13}},{"start":{},"end":{}}],"line":187},"9":{"loc":{"start":{"line":190,"column":12},"end":{"line":192,"column":13}},"type":"if","locations":[{"start":{"line":190,"column":12},"end":{"line":192,"column":13}},{"start":{},"end":{}}],"line":190},"10":{"loc":{"start":{"line":193,"column":12},"end":{"line":195,"column":13}},"type":"if","locations":[{"start":{"line":193,"column":12},"end":{"line":195,"column":13}},{"start":{},"end":{}}],"line":193},"11":{"loc":{"start":{"line":225,"column":8},"end":{"line":227,"column":9}},"type":"if","locations":[{"start":{"line":225,"column":8},"end":{"line":227,"column":9}},{"start":{},"end":{}}],"line":225},"12":{"loc":{"start":{"line":228,"column":8},"end":{"line":230,"column":9}},"type":"if","locations":[{"start":{"line":228,"column":8},"end":{"line":230,"column":9}},{"start":{},"end":{}}],"line":228},"13":{"loc":{"start":{"line":241,"column":8},"end":{"line":294,"column":9}},"type":"if","locations":[{"start":{"line":241,"column":8},"end":{"line":294,"column":9}},{"start":{},"end":{}}],"line":241},"14":{"loc":{"start":{"line":242,"column":12},"end":{"line":293,"column":13}},"type":"if","locations":[{"start":{"line":242,"column":12},"end":{"line":293,"column":13}},{"start":{"line":262,"column":17},"end":{"line":293,"column":13}}],"line":242},"15":{"loc":{"start":{"line":243,"column":16},"end":{"line":260,"column":17}},"type":"if","locations":[{"start":{"line":243,"column":16},"end":{"line":260,"column":17}},{"start":{"line":249,"column":23},"end":{"line":260,"column":17}}],"line":243},"16":{"loc":{"start":{"line":245,"column":24},"end":{"line":245,"column":43}},"type":"if","locations":[{"start":{"line":245,"column":24},"end":{"line":245,"column":43}},{"start":{},"end":{}}],"line":245},"17":{"loc":{"start":{"line":252,"column":24},"end":{"line":252,"column":43}},"type":"if","locations":[{"start":{"line":252,"column":24},"end":{"line":252,"column":43}},{"start":{},"end":{}}],"line":252},"18":{"loc":{"start":{"line":256,"column":20},"end":{"line":258,"column":21}},"type":"if","locations":[{"start":{"line":256,"column":20},"end":{"line":258,"column":21}},{"start":{},"end":{}}],"line":256},"19":{"loc":{"start":{"line":263,"column":16},"end":{"line":292,"column":17}},"type":"if","locations":[{"start":{"line":263,"column":16},"end":{"line":292,"column":17}},{"start":{"line":270,"column":21},"end":{"line":292,"column":17}}],"line":263},"20":{"loc":{"start":{"line":265,"column":24},"end":{"line":265,"column":43}},"type":"if","locations":[{"start":{"line":265,"column":24},"end":{"line":265,"column":43}},{"start":{},"end":{}}],"line":265},"21":{"loc":{"start":{"line":279,"column":24},"end":{"line":279,"column":43}},"type":"if","locations":[{"start":{"line":279,"column":24},"end":{"line":279,"column":43}},{"start":{},"end":{}}],"line":279},"22":{"loc":{"start":{"line":284,"column":20},"end":{"line":287,"column":21}},"type":"if","locations":[{"start":{"line":284,"column":20},"end":{"line":287,"column":21}},{"start":{},"end":{}}],"line":284},"23":{"loc":{"start":{"line":395,"column":4},"end":{"line":409,"column":5}},"type":"if","locations":[{"start":{"line":395,"column":4},"end":{"line":409,"column":5}},{"start":{"line":403,"column":9},"end":{"line":409,"column":5}}],"line":395},"24":{"loc":{"start":{"line":403,"column":9},"end":{"line":409,"column":5}},"type":"if","locations":[{"start":{"line":403,"column":9},"end":{"line":409,"column":5}},{"start":{"line":406,"column":9},"end":{"line":409,"column":5}}],"line":403}},"s":{"0":3,"1":3,"2":3,"3":3,"4":3,"5":3,"6":3,"7":3,"8":3,"9":3,"10":3,"11":3,"12":3,"13":3,"14":3,"15":3,"16":3,"17":3,"18":3,"19":3,"20":3,"21":3,"22":3,"23":3,"24":3,"25":3,"26":3,"27":3,"28":3,"29":3,"30":3,"31":3,"32":3,"33":3,"34":3,"35":3,"36":3,"37":3,"38":3,"39":3,"40":2,"41":3,"42":0,"43":0,"44":3,"45":5,"46":5,"47":5,"48":5,"49":5,"50":5,"51":5,"52":5,"53":4,"54":1,"55":3,"56":3,"57":3,"58":3,"59":3,"60":3,"61":3,"62":2,"63":1,"64":3,"65":5,"66":5,"67":5,"68":5,"69":1,"70":4,"71":4,"72":1,"73":4,"74":4,"75":3,"76":1,"77":3,"78":0,"79":0,"80":3,"81":0,"82":0,"83":0,"84":0,"85":0,"86":0,"87":0,"88":0,"89":0,"90":0,"91":0,"92":0,"93":0,"94":0,"95":0,"96":0,"97":0,"98":3,"99":0,"100":0,"101":0,"102":0,"103":0,"104":0,"105":0,"106":0,"107":0,"108":0,"109":0,"110":0,"111":0,"112":0,"113":0,"114":0,"115":0,"116":0,"117":0,"118":0,"119":0,"120":0,"121":0,"122":0,"123":0,"124":0,"125":0,"126":0,"127":0,"128":0,"129":0,"130":0,"131":0,"132":0,"133":0,"134":0,"135":0,"136":0,"137":0,"138":0,"139":0,"140":0,"141":0,"142":0,"143":0,"144":0,"145":0,"146":0,"147":0,"148":0,"149":0,"150":0,"151":0,"152":0,"153":0,"154":0,"155":0,"156":3,"157":0,"158":0,"159":0,"160":0,"161":0,"162":0,"163":0,"164":0,"165":0,"166":0,"167":0,"168":0,"169":0,"170":0,"171":0,"172":3,"173":7,"174":7,"175":7,"176":7,"177":7,"178":7,"179":7,"180":7,"181":7,"182":7,"183":7,"184":7,"185":7,"186":7,"187":7,"188":7,"189":7,"190":7,"191":7,"192":7,"193":7,"194":7,"195":7,"196":0,"197":0,"198":0,"199":0,"200":0,"201":0,"202":0,"203":0,"204":0,"205":0,"206":0,"207":0,"208":3,"209":0,"210":0,"211":0,"212":0,"213":0,"214":0,"215":0,"216":0,"217":0,"218":0,"219":0,"220":3,"221":0,"222":0,"223":0,"224":0,"225":0,"226":0,"227":3,"228":0,"229":0,"230":0,"231":0,"232":0,"233":0,"234":0,"235":0,"236":0,"237":0,"238":3,"239":0,"240":3,"241":3,"242":3,"243":3,"244":1,"245":1,"246":1,"247":0,"248":0,"249":3,"250":3},"f":{"0":2,"1":0,"2":5,"3":3,"4":5,"5":0,"6":0,"7":0,"8":0,"9":0,"10":0,"11":0,"12":0,"13":0,"14":7,"15":0,"16":0,"17":0,"18":0,"19":3,"20":1},"b":{"0":[4,1],"1":[5,1],"2":[2,1],"3":[1,4],"4":[1,3],"5":[3,1],"6":[0,0],"7":[0,0],"8":[0,0],"9":[0,0],"10":[0,0],"11":[0,0],"12":[0,0],"13":[0,0],"14":[0,0],"15":[0,0],"16":[0,0],"17":[0,0],"18":[0,0],"19":[0,0],"20":[0,0],"21":[0,0],"22":[0,0],"23":[0,0],"24":[0,0]},"_coverageSchema":"1a1c01bbd47fc00a2c39e90264f33305004495a9","hash":"105efc3af5336e6a4cf79e20cfb7e209097dc116"}
,"/home/azureuser/Test 1/Administrator/Display/displayReports.js": {"path":"/home/azureuser/Test 1/Administrator/Display/displayReports.js","statementMap":{"0":{"start":{"line":10,"column":4},"end":{"line":21,"column":7}},"1":{"start":{"line":11,"column":26},"end":{"line":11,"column":28}},"2":{"start":{"line":12,"column":8},"end":{"line":12,"column":31}},"3":{"start":{"line":13,"column":8},"end":{"line":19,"column":9}},"4":{"start":{"line":13,"column":31},"end":{"line":13,"column":54}},"5":{"start":{"line":14,"column":12},"end":{"line":18,"column":13}},"6":{"start":{"line":14,"column":22},"end":{"line":14,"column":23}},"7":{"start":{"line":15,"column":16},"end":{"line":15,"column":43}},"8":{"start":{"line":16,"column":16},"end":{"line":16,"column":73}},"9":{"start":{"line":16,"column":48},"end":{"line":16,"column":72}},"10":{"start":{"line":20,"column":8},"end":{"line":20,"column":99}},"11":{"start":{"line":24,"column":0},"end":{"line":24,"column":32}}},"fnMap":{"0":{"name":"displayReports","decl":{"start":{"line":1,"column":15},"end":{"line":1,"column":29}},"loc":{"start":{"line":1,"column":37},"end":{"line":22,"column":1}},"line":1},"1":{"name":"(anonymous_1)","decl":{"start":{"line":10,"column":91},"end":{"line":10,"column":92}},"loc":{"start":{"line":10,"column":114},"end":{"line":21,"column":5}},"line":10}},"branchMap":{"0":{"loc":{"start":{"line":13,"column":8},"end":{"line":19,"column":9}},"type":"if","locations":[{"start":{"line":13,"column":8},"end":{"line":19,"column":9}},{"start":{"line":13,"column":59},"end":{"line":19,"column":9}}],"line":13},"1":{"loc":{"start":{"line":16,"column":16},"end":{"line":16,"column":73}},"type":"if","locations":[{"start":{"line":16,"column":16},"end":{"line":16,"column":73}},{"start":{},"end":{}}],"line":16}},"s":{"0":0,"1":0,"2":0,"3":0,"4":0,"5":0,"6":0,"7":0,"8":0,"9":0,"10":0,"11":3},"f":{"0":0,"1":0},"b":{"0":[0,0],"1":[0,0]},"_coverageSchema":"1a1c01bbd47fc00a2c39e90264f33305004495a9","hash":"971211b0c9389efebdbf2cd8236abab228d9b4da"}
,"/home/azureuser/Test 1/facility/FacilityDisplay/findAfacility.js": {"path":"/home/azureuser/Test 1/facility/FacilityDisplay/findAfacility.js","statementMap":{"0":{"start":{"line":1,"column":18},"end":{"line":1,"column":44}},"1":{"start":{"line":3,"column":0},"end":{"line":24,"column":1}},"2":{"start":{"line":5,"column":21},"end":{"line":5,"column":36}},"3":{"start":{"line":6,"column":8},"end":{"line":8,"column":9}},"4":{"start":{"line":7,"column":12},"end":{"line":7,"column":67}},"5":{"start":{"line":9,"column":8},"end":{"line":11,"column":9}},"6":{"start":{"line":10,"column":12},"end":{"line":10,"column":43}},"7":{"start":{"line":12,"column":8},"end":{"line":14,"column":9}},"8":{"start":{"line":13,"column":12},"end":{"line":13,"column":110}},"9":{"start":{"line":15,"column":22},"end":{"line":15,"column":52}},"10":{"start":{"line":16,"column":8},"end":{"line":22,"column":9}},"11":{"start":{"line":17,"column":27},"end":{"line":17,"column":91}},"12":{"start":{"line":18,"column":12},"end":{"line":18,"column":26}}},"fnMap":{"0":{"name":"(anonymous_0)","decl":{"start":{"line":4,"column":4},"end":{"line":4,"column":5}},"loc":{"start":{"line":4,"column":48},"end":{"line":23,"column":5}},"line":4}},"branchMap":{"0":{"loc":{"start":{"line":6,"column":8},"end":{"line":8,"column":9}},"type":"if","locations":[{"start":{"line":6,"column":8},"end":{"line":8,"column":9}},{"start":{},"end":{}}],"line":6},"1":{"loc":{"start":{"line":6,"column":11},"end":{"line":6,"column":34}},"type":"binary-expr","locations":[{"start":{"line":6,"column":11},"end":{"line":6,"column":18}},{"start":{"line":6,"column":22},"end":{"line":6,"column":27}},{"start":{"line":6,"column":31},"end":{"line":6,"column":34}}],"line":6},"2":{"loc":{"start":{"line":9,"column":8},"end":{"line":11,"column":9}},"type":"if","locations":[{"start":{"line":9,"column":8},"end":{"line":11,"column":9}},{"start":{},"end":{}}],"line":9},"3":{"loc":{"start":{"line":12,"column":8},"end":{"line":14,"column":9}},"type":"if","locations":[{"start":{"line":12,"column":8},"end":{"line":14,"column":9}},{"start":{},"end":{}}],"line":12}},"s":{"0":4,"1":4,"2":12,"3":12,"4":0,"5":12,"6":0,"7":12,"8":0,"9":12,"10":12,"11":12,"12":12},"f":{"0":12},"b":{"0":[0,12],"1":[12,0,0],"2":[0,12],"3":[0,12]},"_coverageSchema":"1a1c01bbd47fc00a2c39e90264f33305004495a9","hash":"dd25b2c30cee87f5dfd3c367e1313881efecb225"}
,"/home/azureuser/Test 1/facility/FacilityDisplay/findMany.js": {"path":"/home/azureuser/Test 1/facility/FacilityDisplay/findMany.js","statementMap":{"0":{"start":{"line":2,"column":18},"end":{"line":2,"column":56}},"1":{"start":{"line":4,"column":14},"end":{"line":4,"column":29}},"2":{"start":{"line":5,"column":4},"end":{"line":8,"column":5}},"3":{"start":{"line":7,"column":8},"end":{"line":7,"column":19}},"4":{"start":{"line":9,"column":4},"end":{"line":11,"column":5}},"5":{"start":{"line":10,"column":8},"end":{"line":10,"column":20}},"6":{"start":{"line":12,"column":4},"end":{"line":14,"column":5}},"7":{"start":{"line":13,"column":8},"end":{"line":13,"column":62}},"8":{"start":{"line":15,"column":20},"end":{"line":15,"column":100}},"9":{"start":{"line":16,"column":4},"end":{"line":16,"column":53}},"10":{"start":{"line":19,"column":0},"end":{"line":19,"column":26}}},"fnMap":{"0":{"name":"findMany","decl":{"start":{"line":3,"column":15},"end":{"line":3,"column":23}},"loc":{"start":{"line":3,"column":37},"end":{"line":17,"column":1}},"line":3}},"branchMap":{"0":{"loc":{"start":{"line":5,"column":4},"end":{"line":8,"column":5}},"type":"if","locations":[{"start":{"line":5,"column":4},"end":{"line":8,"column":5}},{"start":{},"end":{}}],"line":5},"1":{"loc":{"start":{"line":9,"column":4},"end":{"line":11,"column":5}},"type":"if","locations":[{"start":{"line":9,"column":4},"end":{"line":11,"column":5}},{"start":{},"end":{}}],"line":9},"2":{"loc":{"start":{"line":12,"column":4},"end":{"line":14,"column":5}},"type":"if","locations":[{"start":{"line":12,"column":4},"end":{"line":14,"column":5}},{"start":{},"end":{}}],"line":12},"3":{"loc":{"start":{"line":12,"column":7},"end":{"line":12,"column":89}},"type":"binary-expr","locations":[{"start":{"line":12,"column":7},"end":{"line":12,"column":21}},{"start":{"line":12,"column":25},"end":{"line":12,"column":47}},{"start":{"line":12,"column":51},"end":{"line":12,"column":71}},{"start":{"line":12,"column":75},"end":{"line":12,"column":89}}],"line":12}},"s":{"0":4,"1":6,"2":6,"3":1,"4":5,"5":2,"6":3,"7":1,"8":2,"9":2,"10":4},"f":{"0":6},"b":{"0":[1,5],"1":[2,3],"2":[1,2],"3":[3,3,2,2]},"_coverageSchema":"1a1c01bbd47fc00a2c39e90264f33305004495a9","hash":"a43a82c060dfd010c1a873f87c71106c859e3b3d"}
,"/home/azureuser/Test 1/facility/FacilityDisplay/newestFacilityReturnLogic.js": {"path":"/home/azureuser/Test 1/facility/FacilityDisplay/newestFacilityReturnLogic.js","statementMap":{"0":{"start":{"line":1,"column":0},"end":{"line":27,"column":1}},"1":{"start":{"line":4,"column":21},"end":{"line":4,"column":23}},"2":{"start":{"line":5,"column":18},"end":{"line":5,"column":31}},"3":{"start":{"line":7,"column":8},"end":{"line":20,"column":9}},"4":{"start":{"line":7,"column":21},"end":{"line":7,"column":22}},"5":{"start":{"line":8,"column":12},"end":{"line":19,"column":13}},"6":{"start":{"line":9,"column":26},"end":{"line":9,"column":28}},"7":{"start":{"line":10,"column":16},"end":{"line":10,"column":39}},"8":{"start":{"line":11,"column":16},"end":{"line":11,"column":64}},"9":{"start":{"line":12,"column":16},"end":{"line":12,"column":58}},"10":{"start":{"line":13,"column":16},"end":{"line":13,"column":64}},"11":{"start":{"line":14,"column":16},"end":{"line":14,"column":54}},"12":{"start":{"line":17,"column":16},"end":{"line":17,"column":33}},"13":{"start":{"line":21,"column":8},"end":{"line":21,"column":32}},"14":{"start":{"line":22,"column":20},"end":{"line":22,"column":22}},"15":{"start":{"line":23,"column":8},"end":{"line":23,"column":33}},"16":{"start":{"line":24,"column":8},"end":{"line":24,"column":34}},"17":{"start":{"line":25,"column":8},"end":{"line":25,"column":21}}},"fnMap":{"0":{"name":"(anonymous_0)","decl":{"start":{"line":2,"column":4},"end":{"line":2,"column":5}},"loc":{"start":{"line":2,"column":37},"end":{"line":26,"column":5}},"line":2}},"branchMap":{"0":{"loc":{"start":{"line":8,"column":12},"end":{"line":19,"column":13}},"type":"if","locations":[{"start":{"line":8,"column":12},"end":{"line":19,"column":13}},{"start":{},"end":{}}],"line":8}},"s":{"0":4,"1":1,"2":1,"3":1,"4":1,"5":10,"6":10,"7":10,"8":10,"9":10,"10":10,"11":10,"12":10,"13":1,"14":1,"15":1,"16":1,"17":1},"f":{"0":1},"b":{"0":[10,0]},"_coverageSchema":"1a1c01bbd47fc00a2c39e90264f33305004495a9","hash":"6c717b2326a8a677bc0760e31c62a59ff8d32217"}
,"/home/azureuser/Test 1/facility/FacilityDisplay/returnLogic.js": {"path":"/home/azureuser/Test 1/facility/FacilityDisplay/returnLogic.js","statementMap":{"0":{"start":{"line":2,"column":4},"end":{"line":2,"column":56}},"1":{"start":{"line":3,"column":17},"end":{"line":3,"column":19}},"2":{"start":{"line":4,"column":4},"end":{"line":4,"column":24}},"3":{"start":{"line":6,"column":14},"end":{"line":6,"column":16}},"4":{"start":{"line":7,"column":4},"end":{"line":9,"column":5}},"5":{"start":{"line":7,"column":17},"end":{"line":7,"column":18}},"6":{"start":{"line":8,"column":8},"end":{"line":8,"column":27}},"7":{"start":{"line":10,"column":4},"end":{"line":10,"column":53}},"8":{"start":{"line":11,"column":17},"end":{"line":11,"column":19}},"9":{"start":{"line":12,"column":4},"end":{"line":22,"column":5}},"10":{"start":{"line":12,"column":17},"end":{"line":12,"column":18}},"11":{"start":{"line":13,"column":17},"end":{"line":13,"column":19}},"12":{"start":{"line":14,"column":8},"end":{"line":14,"column":27}},"13":{"start":{"line":15,"column":8},"end":{"line":15,"column":52}},"14":{"start":{"line":16,"column":8},"end":{"line":16,"column":46}},"15":{"start":{"line":17,"column":8},"end":{"line":17,"column":52}},"16":{"start":{"line":18,"column":8},"end":{"line":18,"column":42}},"17":{"start":{"line":20,"column":8},"end":{"line":20,"column":23}},"18":{"start":{"line":21,"column":8},"end":{"line":21,"column":49}},"19":{"start":{"line":23,"column":18},"end":{"line":23,"column":31}},"20":{"start":{"line":24,"column":4},"end":{"line":24,"column":29}},"21":{"start":{"line":25,"column":4},"end":{"line":25,"column":30}},"22":{"start":{"line":26,"column":4},"end":{"line":26,"column":29}},"23":{"start":{"line":27,"column":4},"end":{"line":27,"column":22}},"24":{"start":{"line":28,"column":4},"end":{"line":28,"column":17}},"25":{"start":{"line":31,"column":0},"end":{"line":31,"column":29}}},"fnMap":{"0":{"name":"returnLogic","decl":{"start":{"line":1,"column":9},"end":{"line":1,"column":20}},"loc":{"start":{"line":1,"column":29},"end":{"line":29,"column":1}},"line":1}},"branchMap":{},"s":{"0":3,"1":3,"2":3,"3":3,"4":3,"5":3,"6":3,"7":3,"8":3,"9":3,"10":3,"11":3,"12":3,"13":3,"14":3,"15":3,"16":3,"17":3,"18":3,"19":3,"20":3,"21":0,"22":0,"23":0,"24":0,"25":3},"f":{"0":3},"b":{},"_coverageSchema":"1a1c01bbd47fc00a2c39e90264f33305004495a9","hash":"cde0590167e09e1bf72c540d19827ed1e91b0680"}
,"/home/azureuser/Test 1/facility/FacilityDisplay/searchOne.js": {"path":"/home/azureuser/Test 1/facility/FacilityDisplay/searchOne.js","statementMap":{"0":{"start":{"line":1,"column":20},"end":{"line":1,"column":44}},"1":{"start":{"line":4,"column":4},"end":{"line":7,"column":5}},"2":{"start":{"line":6,"column":8},"end":{"line":6,"column":15}},"3":{"start":{"line":8,"column":16},"end":{"line":8,"column":18}},"4":{"start":{"line":9,"column":4},"end":{"line":14,"column":17}},"5":{"start":{"line":10,"column":4},"end":{"line":12,"column":7}},"6":{"start":{"line":11,"column":8},"end":{"line":11,"column":36}},"7":{"start":{"line":13,"column":4},"end":{"line":13,"column":17}},"8":{"start":{"line":17,"column":0},"end":{"line":17,"column":27}}},"fnMap":{"0":{"name":"searchOne","decl":{"start":{"line":3,"column":15},"end":{"line":3,"column":24}},"loc":{"start":{"line":3,"column":55},"end":{"line":15,"column":1}},"line":3},"1":{"name":"(anonymous_1)","decl":{"start":{"line":10,"column":137},"end":{"line":10,"column":138}},"loc":{"start":{"line":10,"column":149},"end":{"line":12,"column":5}},"line":10}},"branchMap":{"0":{"loc":{"start":{"line":4,"column":4},"end":{"line":7,"column":5}},"type":"if","locations":[{"start":{"line":4,"column":4},"end":{"line":7,"column":5}},{"start":{},"end":{}}],"line":4},"1":{"loc":{"start":{"line":4,"column":7},"end":{"line":4,"column":32}},"type":"binary-expr","locations":[{"start":{"line":4,"column":7},"end":{"line":4,"column":12}},{"start":{"line":4,"column":16},"end":{"line":4,"column":32}}],"line":4}},"s":{"0":3,"1":4,"2":0,"3":4,"4":4,"5":4,"6":3,"7":1,"8":3},"f":{"0":4,"1":3},"b":{"0":[0,4],"1":[4,0]},"_coverageSchema":"1a1c01bbd47fc00a2c39e90264f33305004495a9","hash":"37454ddffa0826f293bbd02ee446cb8accfa0161"}
,"/home/azureuser/Test 1/facility/FacilityDisplay/typeSelection.js": {"path":"/home/azureuser/Test 1/facility/FacilityDisplay/typeSelection.js","statementMap":{"0":{"start":{"line":1,"column":0},"end":{"line":26,"column":2}},"1":{"start":{"line":3,"column":8},"end":{"line":23,"column":9}},"2":{"start":{"line":5,"column":16},"end":{"line":5,"column":31}},"3":{"start":{"line":7,"column":16},"end":{"line":7,"column":32}},"4":{"start":{"line":10,"column":16},"end":{"line":10,"column":40}},"5":{"start":{"line":13,"column":16},"end":{"line":13,"column":37}},"6":{"start":{"line":16,"column":16},"end":{"line":16,"column":37}},"7":{"start":{"line":19,"column":16},"end":{"line":19,"column":40}},"8":{"start":{"line":22,"column":16},"end":{"line":22,"column":41}},"9":{"start":{"line":24,"column":8},"end":{"line":24,"column":35}}},"fnMap":{"0":{"name":"(anonymous_0)","decl":{"start":{"line":2,"column":4},"end":{"line":2,"column":5}},"loc":{"start":{"line":2,"column":32},"end":{"line":25,"column":5}},"line":2}},"branchMap":{"0":{"loc":{"start":{"line":3,"column":8},"end":{"line":23,"column":9}},"type":"switch","locations":[{"start":{"line":4,"column":12},"end":{"line":5,"column":31}},{"start":{"line":6,"column":12},"end":{"line":7,"column":32}},{"start":{"line":9,"column":12},"end":{"line":10,"column":40}},{"start":{"line":12,"column":12},"end":{"line":13,"column":37}},{"start":{"line":15,"column":12},"end":{"line":16,"column":37}},{"start":{"line":18,"column":12},"end":{"line":19,"column":40}},{"start":{"line":21,"column":12},"end":{"line":22,"column":41}}],"line":3}},"s":{"0":4,"1":26,"2":4,"3":16,"4":0,"5":0,"6":0,"7":0,"8":0,"9":6},"f":{"0":26},"b":{"0":[4,16,0,0,0,0,0]},"_coverageSchema":"1a1c01bbd47fc00a2c39e90264f33305004495a9","hash":"0484aaa1982177591dcb4e210be37d2711aafdf3"}
,"/home/azureuser/Test 1/facility/facilityManagement/blockFacility.js": {"path":"/home/azureuser/Test 1/facility/facilityManagement/blockFacility.js","statementMap":{"0":{"start":{"line":3,"column":4},"end":{"line":5,"column":5}},"1":{"start":{"line":4,"column":8},"end":{"line":4,"column":63}},"2":{"start":{"line":6,"column":4},"end":{"line":14,"column":5}},"3":{"start":{"line":7,"column":8},"end":{"line":7,"column":64}},"4":{"start":{"line":9,"column":8},"end":{"line":12,"column":21}},"5":{"start":{"line":10,"column":41},"end":{"line":10,"column":124}},"6":{"start":{"line":11,"column":12},"end":{"line":11,"column":58}},"7":{"start":{"line":38,"column":0},"end":{"line":38,"column":31}}},"fnMap":{"0":{"name":"blockFacility","decl":{"start":{"line":1,"column":15},"end":{"line":1,"column":28}},"loc":{"start":{"line":1,"column":77},"end":{"line":36,"column":1}},"line":1}},"branchMap":{"0":{"loc":{"start":{"line":3,"column":4},"end":{"line":5,"column":5}},"type":"if","locations":[{"start":{"line":3,"column":4},"end":{"line":5,"column":5}},{"start":{},"end":{}}],"line":3},"1":{"loc":{"start":{"line":3,"column":7},"end":{"line":3,"column":144}},"type":"binary-expr","locations":[{"start":{"line":3,"column":7},"end":{"line":3,"column":38}},{"start":{"line":3,"column":41},"end":{"line":3,"column":64}},{"start":{"line":3,"column":68},"end":{"line":3,"column":96}},{"start":{"line":3,"column":100},"end":{"line":3,"column":122}},{"start":{"line":3,"column":127},"end":{"line":3,"column":144}}],"line":3},"2":{"loc":{"start":{"line":6,"column":4},"end":{"line":14,"column":5}},"type":"if","locations":[{"start":{"line":6,"column":4},"end":{"line":14,"column":5}},{"start":{"line":8,"column":9},"end":{"line":14,"column":5}}],"line":6},"3":{"loc":{"start":{"line":6,"column":7},"end":{"line":6,"column":44}},"type":"binary-expr","locations":[{"start":{"line":6,"column":7},"end":{"line":6,"column":21}},{"start":{"line":6,"column":25},"end":{"line":6,"column":44}}],"line":6}},"s":{"0":4,"1":1,"2":3,"3":1,"4":2,"5":2,"6":2,"7":1},"f":{"0":4},"b":{"0":[1,3],"1":[4,2,2,2,2],"2":[1,2],"3":[3,2]},"_coverageSchema":"1a1c01bbd47fc00a2c39e90264f33305004495a9","hash":"132860fa0b7825d53ddc6b0f0cb2b89b26dcbdab"}
,"/home/azureuser/Test 1/facility/facilityManagement/insertFacility.js": {"path":"/home/azureuser/Test 1/facility/facilityManagement/insertFacility.js","statementMap":{"0":{"start":{"line":1,"column":29},"end":{"line":1,"column":95}},"1":{"start":{"line":3,"column":20},"end":{"line":21,"column":5}},"2":{"start":{"line":22,"column":4},"end":{"line":24,"column":5}},"3":{"start":{"line":23,"column":8},"end":{"line":23,"column":62}},"4":{"start":{"line":25,"column":4},"end":{"line":35,"column":1}},"5":{"start":{"line":26,"column":8},"end":{"line":26,"column":62}},"6":{"start":{"line":29,"column":8},"end":{"line":32,"column":21}},"7":{"start":{"line":30,"column":12},"end":{"line":30,"column":78}},"8":{"start":{"line":33,"column":4},"end":{"line":33,"column":36}},"9":{"start":{"line":40,"column":0},"end":{"line":40,"column":32}}},"fnMap":{"0":{"name":"insertFacility","decl":{"start":{"line":2,"column":15},"end":{"line":2,"column":29}},"loc":{"start":{"line":2,"column":121},"end":{"line":38,"column":1}},"line":2}},"branchMap":{"0":{"loc":{"start":{"line":22,"column":4},"end":{"line":24,"column":5}},"type":"if","locations":[{"start":{"line":22,"column":4},"end":{"line":24,"column":5}},{"start":{},"end":{}}],"line":22},"1":{"loc":{"start":{"line":22,"column":7},"end":{"line":22,"column":111}},"type":"binary-expr","locations":[{"start":{"line":22,"column":7},"end":{"line":22,"column":12}},{"start":{"line":22,"column":16},"end":{"line":22,"column":22}},{"start":{"line":22,"column":26},"end":{"line":22,"column":32}},{"start":{"line":22,"column":36},"end":{"line":22,"column":48}},{"start":{"line":22,"column":51},"end":{"line":22,"column":69}},{"start":{"line":22,"column":73},"end":{"line":22,"column":83}},{"start":{"line":22,"column":86},"end":{"line":22,"column":91}},{"start":{"line":22,"column":95},"end":{"line":22,"column":99}},{"start":{"line":22,"column":103},"end":{"line":22,"column":111}}],"line":22},"2":{"loc":{"start":{"line":25,"column":4},"end":{"line":35,"column":1}},"type":"if","locations":[{"start":{"line":25,"column":4},"end":{"line":35,"column":1}},{"start":{"line":27,"column":9},"end":{"line":35,"column":1}}],"line":25},"3":{"loc":{"start":{"line":25,"column":7},"end":{"line":25,"column":100}},"type":"binary-expr","locations":[{"start":{"line":25,"column":7},"end":{"line":25,"column":16}},{"start":{"line":25,"column":20},"end":{"line":25,"column":43}},{"start":{"line":25,"column":47},"end":{"line":25,"column":61}},{"start":{"line":25,"column":65},"end":{"line":25,"column":78}},{"start":{"line":25,"column":81},"end":{"line":25,"column":100}}],"line":25}},"s":{"0":4,"1":2,"2":2,"3":1,"4":1,"5":1,"6":0,"7":0,"8":0,"9":4},"f":{"0":2},"b":{"0":[1,1],"1":[2,1,1,1,1,1,0,1,1],"2":[1,0],"3":[1,1,1,1,1]},"_coverageSchema":"1a1c01bbd47fc00a2c39e90264f33305004495a9","hash":"906ae2df58a2db7cfa03509cee3d25970ec6a5d6"}
,"/home/azureuser/Test 1/facility/facilityManagement/logicOfAddFacility.js": {"path":"/home/azureuser/Test 1/facility/facilityManagement/logicOfAddFacility.js","statementMap":{"0":{"start":{"line":2,"column":16},"end":{"line":2,"column":19}},"1":{"start":{"line":3,"column":4},"end":{"line":13,"column":5}},"2":{"start":{"line":7,"column":32},"end":{"line":7,"column":63}},"3":{"start":{"line":8,"column":35},"end":{"line":8,"column":62}},"4":{"start":{"line":9,"column":8},"end":{"line":9,"column":34}},"5":{"start":{"line":10,"column":8},"end":{"line":10,"column":59}},"6":{"start":{"line":11,"column":8},"end":{"line":11,"column":37}},"7":{"start":{"line":12,"column":8},"end":{"line":12,"column":49}},"8":{"start":{"line":14,"column":4},"end":{"line":14,"column":17}},"9":{"start":{"line":16,"column":0},"end":{"line":16,"column":36}}},"fnMap":{"0":{"name":"logicOfAddFacility","decl":{"start":{"line":1,"column":9},"end":{"line":1,"column":27}},"loc":{"start":{"line":1,"column":36},"end":{"line":15,"column":1}},"line":1}},"branchMap":{"0":{"loc":{"start":{"line":3,"column":4},"end":{"line":13,"column":5}},"type":"if","locations":[{"start":{"line":3,"column":4},"end":{"line":13,"column":5}},{"start":{"line":6,"column":9},"end":{"line":13,"column":5}}],"line":3}},"s":{"0":0,"1":0,"2":0,"3":0,"4":0,"5":0,"6":0,"7":0,"8":0,"9":3},"f":{"0":0},"b":{"0":[0,0]},"_coverageSchema":"1a1c01bbd47fc00a2c39e90264f33305004495a9","hash":"785d59c2698a00af9bb7676383bd1943193cba60"}
,"/home/azureuser/Test 1/facility/facilityManagement/reportFacility.js": {"path":"/home/azureuser/Test 1/facility/facilityManagement/reportFacility.js","statementMap":{"0":{"start":{"line":4,"column":34},"end":{"line":13,"column":9}},"1":{"start":{"line":15,"column":4},"end":{"line":18,"column":9}},"2":{"start":{"line":17,"column":12},"end":{"line":17,"column":69}},"3":{"start":{"line":22,"column":4},"end":{"line":30,"column":5}},"4":{"start":{"line":25,"column":8},"end":{"line":25,"column":66}},"5":{"start":{"line":29,"column":4},"end":{"line":29,"column":31}},"6":{"start":{"line":45,"column":0},"end":{"line":45,"column":32}}},"fnMap":{"0":{"name":"reportFacility","decl":{"start":{"line":1,"column":15},"end":{"line":1,"column":29}},"loc":{"start":{"line":2,"column":106},"end":{"line":41,"column":1}},"line":2}},"branchMap":{"0":{"loc":{"start":{"line":15,"column":4},"end":{"line":18,"column":9}},"type":"if","locations":[{"start":{"line":15,"column":4},"end":{"line":18,"column":9}},{"start":{},"end":{}}],"line":15},"1":{"loc":{"start":{"line":15,"column":7},"end":{"line":16,"column":110}},"type":"binary-expr","locations":[{"start":{"line":15,"column":7},"end":{"line":15,"column":28}},{"start":{"line":15,"column":32},"end":{"line":15,"column":51}},{"start":{"line":15,"column":55},"end":{"line":15,"column":68}},{"start":{"line":15,"column":72},"end":{"line":15,"column":83}},{"start":{"line":16,"column":8},"end":{"line":16,"column":19}},{"start":{"line":16,"column":23},"end":{"line":16,"column":36}},{"start":{"line":16,"column":40},"end":{"line":16,"column":60}},{"start":{"line":16,"column":64},"end":{"line":16,"column":79}},{"start":{"line":16,"column":83},"end":{"line":16,"column":110}}],"line":15},"2":{"loc":{"start":{"line":22,"column":4},"end":{"line":30,"column":5}},"type":"if","locations":[{"start":{"line":22,"column":4},"end":{"line":30,"column":5}},{"start":{"line":28,"column":8},"end":{"line":30,"column":5}}],"line":22},"3":{"loc":{"start":{"line":22,"column":7},"end":{"line":24,"column":80}},"type":"binary-expr","locations":[{"start":{"line":22,"column":7},"end":{"line":22,"column":53}},{"start":{"line":22,"column":57},"end":{"line":22,"column":89}},{"start":{"line":22,"column":93},"end":{"line":22,"column":131}},{"start":{"line":23,"column":11},"end":{"line":23,"column":48}},{"start":{"line":23,"column":52},"end":{"line":23,"column":95}},{"start":{"line":24,"column":8},"end":{"line":24,"column":32}},{"start":{"line":24,"column":36},"end":{"line":24,"column":80}}],"line":22}},"s":{"0":3,"1":3,"2":1,"3":2,"4":1,"5":1,"6":1},"f":{"0":3},"b":{"0":[1,2],"1":[3,2,2,2,0,2,2,2,2],"2":[1,1],"3":[2,1,1,1,1,1,1]},"_coverageSchema":"1a1c01bbd47fc00a2c39e90264f33305004495a9","hash":"ac7c17f509633c65e0576bbc104d5f040db82819"}
,"/home/azureuser/Test 1/reviewManagement/commentReview/voteManage.js": {"path":"/home/azureuser/Test 1/reviewManagement/commentReview/voteManage.js","statementMap":{"0":{"start":{"line":2,"column":4},"end":{"line":55,"column":5}},"1":{"start":{"line":3,"column":8},"end":{"line":28,"column":9}},"2":{"start":{"line":4,"column":27},"end":{"line":13,"column":13}},"3":{"start":{"line":17,"column":27},"end":{"line":26,"column":13}},"4":{"start":{"line":30,"column":11},"end":{"line":55,"column":5}},"5":{"start":{"line":31,"column":8},"end":{"line":54,"column":9}},"6":{"start":{"line":32,"column":27},"end":{"line":40,"column":13}},"7":{"start":{"line":44,"column":27},"end":{"line":52,"column":13}},"8":{"start":{"line":58,"column":0},"end":{"line":58,"column":28}}},"fnMap":{"0":{"name":"voteManage","decl":{"start":{"line":1,"column":15},"end":{"line":1,"column":25}},"loc":{"start":{"line":1,"column":78},"end":{"line":56,"column":1}},"line":1}},"branchMap":{"0":{"loc":{"start":{"line":2,"column":4},"end":{"line":55,"column":5}},"type":"if","locations":[{"start":{"line":2,"column":4},"end":{"line":55,"column":5}},{"start":{"line":30,"column":11},"end":{"line":55,"column":5}}],"line":2},"1":{"loc":{"start":{"line":3,"column":8},"end":{"line":28,"column":9}},"type":"if","locations":[{"start":{"line":3,"column":8},"end":{"line":28,"column":9}},{"start":{"line":16,"column":12},"end":{"line":28,"column":9}}],"line":3},"2":{"loc":{"start":{"line":30,"column":11},"end":{"line":55,"column":5}},"type":"if","locations":[{"start":{"line":30,"column":11},"end":{"line":55,"column":5}},{"start":{},"end":{}}],"line":30},"3":{"loc":{"start":{"line":31,"column":8},"end":{"line":54,"column":9}},"type":"if","locations":[{"start":{"line":31,"column":8},"end":{"line":54,"column":9}},{"start":{"line":43,"column":12},"end":{"line":54,"column":9}}],"line":31}},"s":{"0":0,"1":0,"2":0,"3":0,"4":0,"5":0,"6":0,"7":0,"8":3},"f":{"0":0},"b":{"0":[0,0],"1":[0,0],"2":[0,0],"3":[0,0]},"_coverageSchema":"1a1c01bbd47fc00a2c39e90264f33305004495a9","hash":"eca342b09725774639c1e6cf256ba14c4c3019b0"}
,"/home/azureuser/Test 1/reviewManagement/facilityReview/commentManage.js": {"path":"/home/azureuser/Test 1/reviewManagement/facilityReview/commentManage.js","statementMap":{"0":{"start":{"line":2,"column":22},"end":{"line":2,"column":89}},"1":{"start":{"line":3,"column":15},"end":{"line":3,"column":84}},"2":{"start":{"line":5,"column":14},"end":{"line":5,"column":33}},"3":{"start":{"line":6,"column":14},"end":{"line":6,"column":26}},"4":{"start":{"line":7,"column":4},"end":{"line":9,"column":5}},"5":{"start":{"line":8,"column":8},"end":{"line":8,"column":17}},"6":{"start":{"line":10,"column":16},"end":{"line":10,"column":31}},"7":{"start":{"line":11,"column":20},"end":{"line":11,"column":121}},"8":{"start":{"line":12,"column":4},"end":{"line":45,"column":5}},"9":{"start":{"line":18,"column":8},"end":{"line":33,"column":10}},"10":{"start":{"line":42,"column":8},"end":{"line":42,"column":46}},"11":{"start":{"line":43,"column":8},"end":{"line":43,"column":71}},"12":{"start":{"line":44,"column":8},"end":{"line":44,"column":17}},"13":{"start":{"line":46,"column":4},"end":{"line":46,"column":14}},"14":{"start":{"line":50,"column":0},"end":{"line":50,"column":31}}},"fnMap":{"0":{"name":"commentManage","decl":{"start":{"line":4,"column":15},"end":{"line":4,"column":28}},"loc":{"start":{"line":4,"column":134},"end":{"line":48,"column":1}},"line":4}},"branchMap":{"0":{"loc":{"start":{"line":7,"column":4},"end":{"line":9,"column":5}},"type":"if","locations":[{"start":{"line":7,"column":4},"end":{"line":9,"column":5}},{"start":{},"end":{}}],"line":7},"1":{"loc":{"start":{"line":7,"column":8},"end":{"line":7,"column":109}},"type":"binary-expr","locations":[{"start":{"line":7,"column":8},"end":{"line":7,"column":15}},{"start":{"line":7,"column":19},"end":{"line":7,"column":24}},{"start":{"line":7,"column":28},"end":{"line":7,"column":39}},{"start":{"line":7,"column":43},"end":{"line":7,"column":50}},{"start":{"line":7,"column":54},"end":{"line":7,"column":63}},{"start":{"line":7,"column":67},"end":{"line":7,"column":80}},{"start":{"line":7,"column":85},"end":{"line":7,"column":95}},{"start":{"line":7,"column":99},"end":{"line":7,"column":109}}],"line":7},"2":{"loc":{"start":{"line":12,"column":4},"end":{"line":45,"column":5}},"type":"if","locations":[{"start":{"line":12,"column":4},"end":{"line":45,"column":5}},{"start":{},"end":{}}],"line":12}},"s":{"0":3,"1":3,"2":0,"3":0,"4":0,"5":0,"6":0,"7":0,"8":0,"9":0,"10":0,"11":0,"12":0,"13":0,"14":3},"f":{"0":0},"b":{"0":[0,0],"1":[0,0,0,0,0,0,0,0],"2":[0,0]},"_coverageSchema":"1a1c01bbd47fc00a2c39e90264f33305004495a9","hash":"ebc4e65e7f935f2516d736c7699003e97f79df78"}
,"/home/azureuser/Test 1/reviewManagement/facilityReview/rateManage.js": {"path":"/home/azureuser/Test 1/reviewManagement/facilityReview/rateManage.js","statementMap":{"0":{"start":{"line":2,"column":21},"end":{"line":2,"column":96}},"1":{"start":{"line":3,"column":17},"end":{"line":3,"column":83}},"2":{"start":{"line":7,"column":14},"end":{"line":7,"column":32}},"3":{"start":{"line":8,"column":14},"end":{"line":8,"column":28}},"4":{"start":{"line":11,"column":4},"end":{"line":13,"column":5}},"5":{"start":{"line":12,"column":8},"end":{"line":12,"column":18}},"6":{"start":{"line":14,"column":4},"end":{"line":16,"column":5}},"7":{"start":{"line":15,"column":8},"end":{"line":15,"column":17}},"8":{"start":{"line":18,"column":21},"end":{"line":18,"column":122}},"9":{"start":{"line":19,"column":24},"end":{"line":19,"column":84}},"10":{"start":{"line":20,"column":4},"end":{"line":20,"column":34}},"11":{"start":{"line":21,"column":4},"end":{"line":21,"column":28}},"12":{"start":{"line":22,"column":24},"end":{"line":22,"column":58}},"13":{"start":{"line":23,"column":14},"end":{"line":23,"column":15}},"14":{"start":{"line":24,"column":4},"end":{"line":26,"column":5}},"15":{"start":{"line":24,"column":16},"end":{"line":24,"column":17}},"16":{"start":{"line":25,"column":8},"end":{"line":25,"column":50}},"17":{"start":{"line":27,"column":4},"end":{"line":27,"column":21}},"18":{"start":{"line":28,"column":21},"end":{"line":28,"column":48}},"19":{"start":{"line":30,"column":4},"end":{"line":61,"column":5}},"20":{"start":{"line":31,"column":8},"end":{"line":40,"column":10}},"21":{"start":{"line":41,"column":8},"end":{"line":48,"column":10}},"22":{"start":{"line":49,"column":8},"end":{"line":55,"column":10}},"23":{"start":{"line":56,"column":8},"end":{"line":56,"column":45}},"24":{"start":{"line":57,"column":8},"end":{"line":57,"column":17}},"25":{"start":{"line":60,"column":8},"end":{"line":60,"column":34}},"26":{"start":{"line":74,"column":0},"end":{"line":74,"column":28}}},"fnMap":{"0":{"name":"rateManage","decl":{"start":{"line":5,"column":15},"end":{"line":5,"column":25}},"loc":{"start":{"line":5,"column":73},"end":{"line":72,"column":1}},"line":5}},"branchMap":{"0":{"loc":{"start":{"line":11,"column":4},"end":{"line":13,"column":5}},"type":"if","locations":[{"start":{"line":11,"column":4},"end":{"line":13,"column":5}},{"start":{},"end":{}}],"line":11},"1":{"loc":{"start":{"line":11,"column":8},"end":{"line":11,"column":50}},"type":"binary-expr","locations":[{"start":{"line":11,"column":8},"end":{"line":11,"column":15}},{"start":{"line":11,"column":19},"end":{"line":11,"column":24}},{"start":{"line":11,"column":28},"end":{"line":11,"column":39}},{"start":{"line":11,"column":43},"end":{"line":11,"column":50}}],"line":11},"2":{"loc":{"start":{"line":14,"column":4},"end":{"line":16,"column":5}},"type":"if","locations":[{"start":{"line":14,"column":4},"end":{"line":16,"column":5}},{"start":{},"end":{}}],"line":14},"3":{"loc":{"start":{"line":14,"column":8},"end":{"line":14,"column":76}},"type":"binary-expr","locations":[{"start":{"line":14,"column":8},"end":{"line":14,"column":21}},{"start":{"line":14,"column":25},"end":{"line":14,"column":36}},{"start":{"line":14,"column":41},"end":{"line":14,"column":58}},{"start":{"line":14,"column":63},"end":{"line":14,"column":76}}],"line":14},"4":{"loc":{"start":{"line":30,"column":4},"end":{"line":61,"column":5}},"type":"if","locations":[{"start":{"line":30,"column":4},"end":{"line":61,"column":5}},{"start":{"line":59,"column":8},"end":{"line":61,"column":5}}],"line":30}},"s":{"0":3,"1":3,"2":7,"3":7,"4":7,"5":0,"6":7,"7":0,"8":7,"9":7,"10":7,"11":7,"12":7,"13":4,"14":4,"15":4,"16":10,"17":4,"18":0,"19":0,"20":0,"21":0,"22":0,"23":0,"24":0,"25":0,"26":3},"f":{"0":7},"b":{"0":[0,7],"1":[7,0,0,0],"2":[0,7],"3":[7,7,7,7],"4":[0,0]},"_coverageSchema":"1a1c01bbd47fc00a2c39e90264f33305004495a9","hash":"f28cc845435b0efe51bc19188da7a93a36b1da23"}
,"/home/azureuser/Test 1/user/credit/creditCalculation.js": {"path":"/home/azureuser/Test 1/user/credit/creditCalculation.js","statementMap":{"0":{"start":{"line":15,"column":4},"end":{"line":24,"column":6}},"1":{"start":{"line":27,"column":0},"end":{"line":27,"column":35}}},"fnMap":{"0":{"name":"creditCalculation","decl":{"start":{"line":14,"column":15},"end":{"line":14,"column":32}},"loc":{"start":{"line":14,"column":72},"end":{"line":25,"column":1}},"line":14}},"branchMap":{},"s":{"0":0,"1":4},"f":{"0":0},"b":{},"_coverageSchema":"1a1c01bbd47fc00a2c39e90264f33305004495a9","hash":"cb8d9471a804b6ce48cfadfd9aeaef21ecfee666"}
,"/home/azureuser/Test 1/user/credit/creditHandlingNormal.js": {"path":"/home/azureuser/Test 1/user/credit/creditHandlingNormal.js","statementMap":{"0":{"start":{"line":1,"column":26},"end":{"line":1,"column":56}},"1":{"start":{"line":2,"column":20},"end":{"line":2,"column":57}},"2":{"start":{"line":4,"column":0},"end":{"line":25,"column":1}},"3":{"start":{"line":6,"column":43},"end":{"line":6,"column":44}},"4":{"start":{"line":7,"column":39},"end":{"line":7,"column":40}},"5":{"start":{"line":8,"column":23},"end":{"line":8,"column":60}},"6":{"start":{"line":10,"column":8},"end":{"line":10,"column":64}},"7":{"start":{"line":11,"column":8},"end":{"line":11,"column":28}},"8":{"start":{"line":12,"column":34},"end":{"line":12,"column":57}},"9":{"start":{"line":14,"column":8},"end":{"line":22,"column":9}},"10":{"start":{"line":15,"column":12},"end":{"line":15,"column":62}},"11":{"start":{"line":16,"column":12},"end":{"line":16,"column":83}},"12":{"start":{"line":17,"column":15},"end":{"line":22,"column":9}},"13":{"start":{"line":18,"column":12},"end":{"line":18,"column":58}},"14":{"start":{"line":19,"column":12},"end":{"line":19,"column":79}},"15":{"start":{"line":21,"column":12},"end":{"line":21,"column":169}}},"fnMap":{"0":{"name":"(anonymous_0)","decl":{"start":{"line":5,"column":4},"end":{"line":5,"column":5}},"loc":{"start":{"line":5,"column":65},"end":{"line":24,"column":5}},"line":5}},"branchMap":{"0":{"loc":{"start":{"line":14,"column":8},"end":{"line":22,"column":9}},"type":"if","locations":[{"start":{"line":14,"column":8},"end":{"line":22,"column":9}},{"start":{"line":17,"column":15},"end":{"line":22,"column":9}}],"line":14},"1":{"loc":{"start":{"line":17,"column":15},"end":{"line":22,"column":9}},"type":"if","locations":[{"start":{"line":17,"column":15},"end":{"line":22,"column":9}},{"start":{"line":20,"column":15},"end":{"line":22,"column":9}}],"line":17}},"s":{"0":4,"1":4,"2":4,"3":0,"4":0,"5":0,"6":0,"7":0,"8":0,"9":0,"10":0,"11":0,"12":0,"13":0,"14":0,"15":0},"f":{"0":0},"b":{"0":[0,0],"1":[0,0]},"_coverageSchema":"1a1c01bbd47fc00a2c39e90264f33305004495a9","hash":"c570e9dd556040c711e43cae295a0dfc8e2acfa1"}
,"/home/azureuser/Test 1/user/notification/realTimeUpdate.js": {"path":"/home/azureuser/Test 1/user/notification/realTimeUpdate.js","statementMap":{"0":{"start":{"line":1,"column":0},"end":{"line":1,"column":28}},"1":{"start":{"line":2,"column":0},"end":{"line":2,"column":38}},"2":{"start":{"line":5,"column":18},"end":{"line":5,"column":54}},"3":{"start":{"line":7,"column":25},"end":{"line":11,"column":1}},"4":{"start":{"line":9,"column":8},"end":{"line":9,"column":40}},"5":{"start":{"line":12,"column":22},"end":{"line":18,"column":2}},"6":{"start":{"line":19,"column":16},"end":{"line":19,"column":55}},"7":{"start":{"line":23,"column":4},"end":{"line":23,"column":31}},"8":{"start":{"line":24,"column":4},"end":{"line":24,"column":24}},"9":{"start":{"line":25,"column":4},"end":{"line":27,"column":5}},"10":{"start":{"line":26,"column":8},"end":{"line":26,"column":15}},"11":{"start":{"line":29,"column":4},"end":{"line":29,"column":34}},"12":{"start":{"line":30,"column":4},"end":{"line":30,"column":35}},"13":{"start":{"line":32,"column":4},"end":{"line":58,"column":5}},"14":{"start":{"line":34,"column":12},"end":{"line":34,"column":108}},"15":{"start":{"line":35,"column":12},"end":{"line":35,"column":18}},"16":{"start":{"line":37,"column":12},"end":{"line":37,"column":112}},"17":{"start":{"line":38,"column":12},"end":{"line":38,"column":18}},"18":{"start":{"line":40,"column":12},"end":{"line":40,"column":113}},"19":{"start":{"line":41,"column":12},"end":{"line":41,"column":18}},"20":{"start":{"line":43,"column":12},"end":{"line":43,"column":118}},"21":{"start":{"line":44,"column":12},"end":{"line":44,"column":18}},"22":{"start":{"line":46,"column":12},"end":{"line":46,"column":100}},"23":{"start":{"line":47,"column":12},"end":{"line":47,"column":18}},"24":{"start":{"line":49,"column":12},"end":{"line":49,"column":102}},"25":{"start":{"line":50,"column":12},"end":{"line":50,"column":18}},"26":{"start":{"line":52,"column":12},"end":{"line":52,"column":45}},"27":{"start":{"line":53,"column":12},"end":{"line":53,"column":18}},"28":{"start":{"line":55,"column":12},"end":{"line":55,"column":45}},"29":{"start":{"line":56,"column":12},"end":{"line":56,"column":18}},"30":{"start":{"line":60,"column":25},"end":{"line":60,"column":53}},"31":{"start":{"line":61,"column":4},"end":{"line":61,"column":65}},"32":{"start":{"line":62,"column":4},"end":{"line":64,"column":6}},"33":{"start":{"line":65,"column":4},"end":{"line":66,"column":47}},"34":{"start":{"line":67,"column":4},"end":{"line":69,"column":5}},"35":{"start":{"line":67,"column":16},"end":{"line":67,"column":17}},"36":{"start":{"line":68,"column":8},"end":{"line":68,"column":63}},"37":{"start":{"line":71,"column":17},"end":{"line":71,"column":63}},"38":{"start":{"line":72,"column":4},"end":{"line":72,"column":19}},"39":{"start":{"line":75,"column":0},"end":{"line":75,"column":32}}},"fnMap":{"0":{"name":"(anonymous_0)","decl":{"start":{"line":8,"column":4},"end":{"line":8,"column":5}},"loc":{"start":{"line":8,"column":15},"end":{"line":10,"column":5}},"line":8},"1":{"name":"realTimeUpdate","decl":{"start":{"line":21,"column":15},"end":{"line":21,"column":29}},"loc":{"start":{"line":21,"column":98},"end":{"line":73,"column":1}},"line":21}},"branchMap":{"0":{"loc":{"start":{"line":25,"column":4},"end":{"line":27,"column":5}},"type":"if","locations":[{"start":{"line":25,"column":4},"end":{"line":27,"column":5}},{"start":{},"end":{}}],"line":25},"1":{"loc":{"start":{"line":25,"column":7},"end":{"line":25,"column":37}},"type":"binary-expr","locations":[{"start":{"line":25,"column":7},"end":{"line":25,"column":19}},{"start":{"line":25,"column":23},"end":{"line":25,"column":37}}],"line":25},"2":{"loc":{"start":{"line":32,"column":4},"end":{"line":58,"column":5}},"type":"switch","locations":[{"start":{"line":33,"column":8},"end":{"line":35,"column":18}},{"start":{"line":36,"column":8},"end":{"line":38,"column":18}},{"start":{"line":39,"column":8},"end":{"line":41,"column":18}},{"start":{"line":42,"column":8},"end":{"line":44,"column":18}},{"start":{"line":45,"column":8},"end":{"line":47,"column":18}},{"start":{"line":48,"column":8},"end":{"line":50,"column":18}},{"start":{"line":51,"column":8},"end":{"line":53,"column":18}},{"start":{"line":54,"column":9},"end":{"line":56,"column":18}}],"line":32}},"s":{"0":3,"1":3,"2":3,"3":3,"4":0,"5":3,"6":3,"7":0,"8":0,"9":0,"10":0,"11":0,"12":0,"13":0,"14":0,"15":0,"16":0,"17":0,"18":0,"19":0,"20":0,"21":0,"22":0,"23":0,"24":0,"25":0,"26":0,"27":0,"28":0,"29":0,"30":0,"31":0,"32":0,"33":0,"34":0,"35":0,"36":0,"37":0,"38":0,"39":3},"f":{"0":0,"1":0},"b":{"0":[0,0],"1":[0,0],"2":[0,0,0,0,0,0,0,0]},"_coverageSchema":"1a1c01bbd47fc00a2c39e90264f33305004495a9","hash":"b89596c29b66f5627d747ba349beb83e3f661e0d"}
,"/home/azureuser/Test 1/user/signIn/google_sign_up.js": {"path":"/home/azureuser/Test 1/user/signIn/google_sign_up.js","statementMap":{"0":{"start":{"line":1,"column":19},"end":{"line":1,"column":42}},"1":{"start":{"line":4,"column":19},"end":{"line":4,"column":56}},"2":{"start":{"line":5,"column":4},"end":{"line":18,"column":4}},"3":{"start":{"line":6,"column":7},"end":{"line":13,"column":8}},"4":{"start":{"line":7,"column":11},"end":{"line":7,"column":65}},"5":{"start":{"line":8,"column":11},"end":{"line":8,"column":42}},"6":{"start":{"line":11,"column":11},"end":{"line":11,"column":28}},"7":{"start":{"line":12,"column":11},"end":{"line":12,"column":25}},"8":{"start":{"line":15,"column":8},"end":{"line":15,"column":38}},"9":{"start":{"line":16,"column":8},"end":{"line":16,"column":67}},"10":{"start":{"line":17,"column":8},"end":{"line":17,"column":22}},"11":{"start":{"line":20,"column":0},"end":{"line":20,"column":32}}},"fnMap":{"0":{"name":"google_sign_up","decl":{"start":{"line":3,"column":15},"end":{"line":3,"column":29}},"loc":{"start":{"line":3,"column":66},"end":{"line":19,"column":1}},"line":3}},"branchMap":{"0":{"loc":{"start":{"line":5,"column":4},"end":{"line":18,"column":4}},"type":"if","locations":[{"start":{"line":5,"column":4},"end":{"line":18,"column":4}},{"start":{"line":14,"column":8},"end":{"line":18,"column":4}}],"line":5}},"s":{"0":3,"1":0,"2":0,"3":0,"4":0,"5":0,"6":0,"7":0,"8":0,"9":0,"10":0,"11":3},"f":{"0":0},"b":{"0":[0,0]},"_coverageSchema":"1a1c01bbd47fc00a2c39e90264f33305004495a9","hash":"0d80a31f452318ef2539ad25e6ccc88788a19208"}
,"/home/azureuser/Test 1/user/signIn/insertUser.js": {"path":"/home/azureuser/Test 1/user/signIn/insertUser.js","statementMap":{"0":{"start":{"line":2,"column":4},"end":{"line":12,"column":6}},"1":{"start":{"line":15,"column":0},"end":{"line":15,"column":28}}},"fnMap":{"0":{"name":"insertUser","decl":{"start":{"line":1,"column":15},"end":{"line":1,"column":25}},"loc":{"start":{"line":1,"column":59},"end":{"line":13,"column":1}},"line":1}},"branchMap":{},"s":{"0":0,"1":3},"f":{"0":0},"b":{},"_coverageSchema":"1a1c01bbd47fc00a2c39e90264f33305004495a9","hash":"3c74bfce9e4846131b78beb4c57ac18c851315bb"}
,"/home/azureuser/Test 1/user/userAccount/banUser.js": {"path":"/home/azureuser/Test 1/user/userAccount/banUser.js","statementMap":{"0":{"start":{"line":2,"column":4},"end":{"line":9,"column":6}},"1":{"start":{"line":11,"column":0},"end":{"line":11,"column":25}}},"fnMap":{"0":{"name":"banUser","decl":{"start":{"line":1,"column":15},"end":{"line":1,"column":22}},"loc":{"start":{"line":1,"column":34},"end":{"line":10,"column":1}},"line":1}},"branchMap":{},"s":{"0":0,"1":3},"f":{"0":0},"b":{},"_coverageSchema":"1a1c01bbd47fc00a2c39e90264f33305004495a9","hash":"391c01b08210e18e36190c76646e19f81cd013ad"}
,"/home/azureuser/Test 1/user/userAccount/findTheUser.js": {"path":"/home/azureuser/Test 1/user/userAccount/findTheUser.js","statementMap":{"0":{"start":{"line":2,"column":19},"end":{"line":2,"column":86}},"1":{"start":{"line":3,"column":4},"end":{"line":3,"column":24}},"2":{"start":{"line":4,"column":4},"end":{"line":4,"column":18}},"3":{"start":{"line":6,"column":0},"end":{"line":6,"column":29}}},"fnMap":{"0":{"name":"findTheUser","decl":{"start":{"line":1,"column":15},"end":{"line":1,"column":26}},"loc":{"start":{"line":1,"column":38},"end":{"line":5,"column":1}},"line":1}},"branchMap":{},"s":{"0":0,"1":0,"2":0,"3":4},"f":{"0":0},"b":{},"_coverageSchema":"1a1c01bbd47fc00a2c39e90264f33305004495a9","hash":"800ec1a09c53bf3cc1e1d49f1f6992e78f42e500"}
,"/home/azureuser/Test 1/user/userAccount/numberOfRate.js": {"path":"/home/azureuser/Test 1/user/userAccount/numberOfRate.js","statementMap":{"0":{"start":{"line":1,"column":0},"end":{"line":14,"column":1}},"1":{"start":{"line":4,"column":8},"end":{"line":11,"column":10}}},"fnMap":{"0":{"name":"(anonymous_0)","decl":{"start":{"line":3,"column":4},"end":{"line":3,"column":5}},"loc":{"start":{"line":3,"column":38},"end":{"line":12,"column":5}},"line":3}},"branchMap":{},"s":{"0":3,"1":0},"f":{"0":0},"b":{},"_coverageSchema":"1a1c01bbd47fc00a2c39e90264f33305004495a9","hash":"5ba85790c2d35781a45ad0648dd99b5c9a28430e"}
,"/home/azureuser/Test 1/user/userAccount/numberOfReply.js": {"path":"/home/azureuser/Test 1/user/userAccount/numberOfReply.js","statementMap":{"0":{"start":{"line":1,"column":0},"end":{"line":12,"column":1}},"1":{"start":{"line":3,"column":8},"end":{"line":10,"column":10}}},"fnMap":{"0":{"name":"(anonymous_0)","decl":{"start":{"line":2,"column":4},"end":{"line":2,"column":5}},"loc":{"start":{"line":2,"column":39},"end":{"line":11,"column":5}},"line":2}},"branchMap":{},"s":{"0":3,"1":0},"f":{"0":0},"b":{},"_coverageSchema":"1a1c01bbd47fc00a2c39e90264f33305004495a9","hash":"dff565d36e7a9d44a0a8d67dfc1821ca0cbd1972"}
}
