TN:
SF:server5.js
FN:62,(anonymous_0)
FN:68,(anonymous_1)
FN:83,(anonymous_2)
FN:105,(anonymous_3)
FN:128,(anonymous_4)
FN:158,(anonymous_5)
FN:169,(anonymous_6)
FN:223,(anonymous_7)
FN:244,(anonymous_8)
FN:251,(anonymous_9)
FN:264,(anonymous_10)
FN:278,(anonymous_11)
FN:298,getDate
FN:313,(anonymous_13)
FN:343,(anonymous_14)
FN:458,(anonymous_15)
FN:528,(anonymous_16)
FN:543,(anonymous_17)
FN:559,(anonymous_18)
FN:563,run
FN:567,(anonymous_20)
FNF:21
FNH:7
FNDA:2,(anonymous_0)
FNDA:0,(anonymous_1)
FNDA:5,(anonymous_2)
FNDA:3,(anonymous_3)
FNDA:5,(anonymous_4)
FNDA:0,(anonymous_5)
FNDA:0,(anonymous_6)
FNDA:0,(anonymous_7)
FNDA:0,(anonymous_8)
FNDA:0,(anonymous_9)
FNDA:0,(anonymous_10)
FNDA:0,(anonymous_11)
FNDA:0,getDate
FNDA:0,(anonymous_13)
FNDA:7,(anonymous_14)
FNDA:0,(anonymous_15)
FNDA:0,(anonymous_16)
FNDA:0,(anonymous_17)
FNDA:0,(anonymous_18)
FNDA:3,run
FNDA:1,(anonymous_20)
DA:1,3
DA:2,3
DA:4,3
DA:7,3
DA:8,3
DA:9,3
DA:10,3
DA:11,3
DA:12,3
DA:13,3
DA:15,3
DA:16,3
DA:19,3
DA:20,3
DA:21,3
DA:23,3
DA:24,3
DA:26,3
DA:27,3
DA:28,3
DA:34,3
DA:35,3
DA:36,3
DA:37,3
DA:38,3
DA:40,3
DA:43,3
DA:44,3
DA:45,3
DA:46,3
DA:47,3
DA:48,3
DA:50,3
DA:51,3
DA:52,3
DA:54,3
DA:55,3
DA:57,3
DA:58,3
DA:61,3
DA:64,2
DA:68,3
DA:69,0
DA:76,0
DA:83,3
DA:84,5
DA:85,5
DA:86,5
DA:87,5
DA:88,5
DA:90,5
DA:91,5
DA:92,5
DA:93,4
DA:96,1
DA:105,3
DA:107,3
DA:108,3
DA:110,3
DA:111,3
DA:112,3
DA:113,3
DA:114,2
DA:117,1
DA:128,3
DA:129,5
DA:130,5
DA:131,5
DA:133,5
DA:134,1
DA:137,4
DA:138,4
DA:139,1
DA:141,4
DA:142,4
DA:143,3
DA:146,1
DA:157,3
DA:159,0
DA:160,0
DA:168,3
DA:178,0
DA:179,0
DA:184,0
DA:185,0
DA:187,0
DA:188,0
DA:190,0
DA:191,0
DA:193,0
DA:194,0
DA:196,0
DA:197,0
DA:198,0
DA:199,0
DA:200,0
DA:201,0
DA:210,0
DA:222,3
DA:225,0
DA:226,0
DA:228,0
DA:229,0
DA:232,0
DA:233,0
DA:234,0
DA:235,0
DA:236,0
DA:237,0
DA:238,0
DA:239,0
DA:240,0
DA:241,0
DA:242,0
DA:243,0
DA:244,0
DA:245,0
DA:246,0
DA:247,0
DA:250,0
DA:251,0
DA:252,0
DA:253,0
DA:255,0
DA:256,0
DA:257,0
DA:259,0
DA:263,0
DA:264,0
DA:265,0
DA:266,0
DA:268,0
DA:271,0
DA:272,0
DA:273,0
DA:274,0
DA:276,0
DA:278,0
DA:279,0
DA:280,0
DA:283,0
DA:284,0
DA:286,0
DA:288,0
DA:290,0
DA:291,0
DA:299,0
DA:300,0
DA:301,0
DA:302,0
DA:303,0
DA:304,0
DA:313,3
DA:314,0
DA:315,0
DA:316,0
DA:317,0
DA:318,0
DA:319,0
DA:320,0
DA:321,0
DA:323,0
DA:326,0
DA:327,0
DA:328,0
DA:329,0
DA:330,0
DA:331,0
DA:343,3
DA:344,7
DA:345,7
DA:346,7
DA:347,7
DA:348,7
DA:349,7
DA:350,7
DA:351,7
DA:352,7
DA:354,7
DA:355,7
DA:357,7
DA:358,7
DA:359,7
DA:360,7
DA:361,7
DA:362,7
DA:363,7
DA:364,7
DA:365,7
DA:366,7
DA:368,7
DA:391,7
DA:394,0
DA:395,0
DA:396,0
DA:397,0
DA:398,0
DA:399,0
DA:400,0
DA:401,0
DA:403,0
DA:404,0
DA:407,0
DA:408,0
DA:458,3
DA:459,0
DA:460,0
DA:461,0
DA:462,0
DA:463,0
DA:464,0
DA:465,0
DA:466,0
DA:467,0
DA:468,0
DA:469,0
DA:528,3
DA:529,0
DA:530,0
DA:531,0
DA:532,0
DA:533,0
DA:534,0
DA:543,3
DA:544,0
DA:545,0
DA:546,0
DA:547,0
DA:548,0
DA:550,0
DA:551,0
DA:552,0
DA:553,0
DA:554,0
DA:559,3
DA:560,0
DA:564,3
DA:565,3
DA:566,3
DA:567,3
DA:568,1
DA:569,1
DA:570,1
DA:573,0
DA:574,0
DA:578,3
DA:580,3
LF:247
LH:116
BRDA:92,0,0,4
BRDA:92,0,1,1
BRDA:92,1,0,5
BRDA:92,1,1,1
BRDA:113,2,0,2
BRDA:113,2,1,1
BRDA:133,3,0,1
BRDA:133,3,1,4
BRDA:138,4,0,1
BRDA:138,4,1,3
BRDA:142,5,0,3
BRDA:142,5,1,1
BRDA:178,6,0,0
BRDA:178,6,1,0
BRDA:184,7,0,0
BRDA:184,7,1,0
BRDA:187,8,0,0
BRDA:187,8,1,0
BRDA:190,9,0,0
BRDA:190,9,1,0
BRDA:193,10,0,0
BRDA:193,10,1,0
BRDA:225,11,0,0
BRDA:225,11,1,0
BRDA:228,12,0,0
BRDA:228,12,1,0
BRDA:241,13,0,0
BRDA:241,13,1,0
BRDA:242,14,0,0
BRDA:242,14,1,0
BRDA:243,15,0,0
BRDA:243,15,1,0
BRDA:245,16,0,0
BRDA:245,16,1,0
BRDA:252,17,0,0
BRDA:252,17,1,0
BRDA:256,18,0,0
BRDA:256,18,1,0
BRDA:263,19,0,0
BRDA:263,19,1,0
BRDA:265,20,0,0
BRDA:265,20,1,0
BRDA:279,21,0,0
BRDA:279,21,1,0
BRDA:284,22,0,0
BRDA:284,22,1,0
BRDA:395,23,0,0
BRDA:395,23,1,0
BRDA:403,24,0,0
BRDA:403,24,1,0
BRF:50
BRH:12
end_of_record
TN:
SF:Administrator/Display/displayReports.js
FN:1,displayReports
FN:10,(anonymous_1)
FNF:2
FNH:0
FNDA:0,displayReports
FNDA:0,(anonymous_1)
DA:10,0
DA:11,0
DA:12,0
DA:13,0
DA:14,0
DA:15,0
DA:16,0
DA:20,0
DA:24,3
LF:9
LH:1
BRDA:13,0,0,0
BRDA:13,0,1,0
BRDA:16,1,0,0
BRDA:16,1,1,0
BRF:4
BRH:0
end_of_record
TN:
SF:facility/FacilityDisplay/findAfacility.js
FN:4,(anonymous_0)
FNF:1
FNH:1
FNDA:12,(anonymous_0)
DA:1,4
DA:3,4
DA:5,12
DA:6,12
DA:7,0
DA:9,12
DA:10,0
DA:12,12
DA:13,0
DA:15,12
DA:16,12
DA:17,12
DA:18,12
LF:13
LH:10
BRDA:6,0,0,0
BRDA:6,0,1,12
BRDA:6,1,0,12
BRDA:6,1,1,0
BRDA:6,1,2,0
BRDA:9,2,0,0
BRDA:9,2,1,12
BRDA:12,3,0,0
BRDA:12,3,1,12
BRF:9
BRH:4
end_of_record
TN:
SF:facility/FacilityDisplay/findMany.js
FN:3,findMany
FNF:1
FNH:1
FNDA:6,findMany
DA:2,4
DA:4,6
DA:5,6
DA:7,1
DA:9,5
DA:10,2
DA:12,3
DA:13,1
DA:15,2
DA:16,2
DA:19,4
LF:11
LH:11
BRDA:5,0,0,1
BRDA:5,0,1,5
BRDA:9,1,0,2
BRDA:9,1,1,3
BRDA:12,2,0,1
BRDA:12,2,1,2
BRDA:12,3,0,3
BRDA:12,3,1,3
BRDA:12,3,2,2
BRDA:12,3,3,2
BRF:10
BRH:10
end_of_record
TN:
SF:facility/FacilityDisplay/newestFacilityReturnLogic.js
FN:2,(anonymous_0)
FNF:1
FNH:1
FNDA:1,(anonymous_0)
DA:1,4
DA:4,1
DA:5,1
DA:7,1
DA:8,10
DA:9,10
DA:10,10
DA:11,10
DA:12,10
DA:13,10
DA:14,10
DA:17,10
DA:21,1
DA:22,1
DA:23,1
DA:24,1
DA:25,1
LF:17
LH:17
BRDA:8,0,0,10
BRDA:8,0,1,0
BRF:2
BRH:1
end_of_record
TN:
SF:facility/FacilityDisplay/returnLogic.js
FN:1,returnLogic
FNF:1
FNH:1
FNDA:3,returnLogic
DA:2,3
DA:3,3
DA:4,3
DA:6,3
DA:7,3
DA:8,3
DA:10,3
DA:11,3
DA:12,3
DA:13,3
DA:14,3
DA:15,3
DA:16,3
DA:17,3
DA:18,3
DA:20,3
DA:21,3
DA:23,3
DA:24,3
DA:25,0
DA:26,0
DA:27,0
DA:28,0
DA:31,3
LF:24
LH:20
BRF:0
BRH:0
end_of_record
TN:
SF:facility/FacilityDisplay/searchOne.js
FN:3,searchOne
FN:10,(anonymous_1)
FNF:2
FNH:2
FNDA:4,searchOne
FNDA:3,(anonymous_1)
DA:1,3
DA:4,4
DA:6,0
DA:8,4
DA:9,4
DA:10,4
DA:11,3
DA:13,1
DA:17,3
LF:9
LH:8
BRDA:4,0,0,0
BRDA:4,0,1,4
BRDA:4,1,0,4
BRDA:4,1,1,0
BRF:4
BRH:2
end_of_record
TN:
SF:facility/FacilityDisplay/typeSelection.js
FN:2,(anonymous_0)
FNF:1
FNH:1
FNDA:26,(anonymous_0)
DA:1,4
DA:3,26
DA:5,4
DA:7,16
DA:10,0
DA:13,0
DA:16,0
DA:19,0
DA:22,0
DA:24,6
LF:10
LH:5
BRDA:3,0,0,4
BRDA:3,0,1,16
BRDA:3,0,2,0
BRDA:3,0,3,0
BRDA:3,0,4,0
BRDA:3,0,5,0
BRDA:3,0,6,0
BRF:7
BRH:2
end_of_record
TN:
SF:facility/facilityManagement/blockFacility.js
FN:1,blockFacility
FNF:1
FNH:1
FNDA:4,blockFacility
DA:3,4
DA:4,1
DA:6,3
DA:7,1
DA:9,2
DA:10,2
DA:11,2
DA:38,1
LF:8
LH:8
BRDA:3,0,0,1
BRDA:3,0,1,3
BRDA:3,1,0,4
BRDA:3,1,1,2
BRDA:3,1,2,2
BRDA:3,1,3,2
BRDA:3,1,4,2
BRDA:6,2,0,1
BRDA:6,2,1,2
BRDA:6,3,0,3
BRDA:6,3,1,2
BRF:11
BRH:11
end_of_record
TN:
SF:facility/facilityManagement/insertFacility.js
FN:2,insertFacility
FNF:1
FNH:1
FNDA:2,insertFacility
DA:1,4
DA:3,2
DA:22,2
DA:23,1
DA:25,1
DA:26,1
DA:29,0
DA:30,0
DA:33,0
DA:40,4
LF:10
LH:7
BRDA:22,0,0,1
BRDA:22,0,1,1
BRDA:22,1,0,2
BRDA:22,1,1,1
BRDA:22,1,2,1
BRDA:22,1,3,1
BRDA:22,1,4,1
BRDA:22,1,5,1
BRDA:22,1,6,0
BRDA:22,1,7,1
BRDA:22,1,8,1
BRDA:25,2,0,1
BRDA:25,2,1,0
BRDA:25,3,0,1
BRDA:25,3,1,1
BRDA:25,3,2,1
BRDA:25,3,3,1
BRDA:25,3,4,1
BRF:18
BRH:16
end_of_record
TN:
SF:facility/facilityManagement/logicOfAddFacility.js
FN:1,logicOfAddFacility
FNF:1
FNH:0
FNDA:0,logicOfAddFacility
DA:2,0
DA:3,0
DA:7,0
DA:8,0
DA:9,0
DA:10,0
DA:11,0
DA:12,0
DA:14,0
DA:16,3
LF:10
LH:1
BRDA:3,0,0,0
BRDA:3,0,1,0
BRF:2
BRH:0
end_of_record
TN:
SF:facility/facilityManagement/reportFacility.js
FN:1,reportFacility
FNF:1
FNH:1
FNDA:3,reportFacility
DA:4,3
DA:15,3
DA:17,1
DA:22,2
DA:25,1
DA:29,1
DA:45,1
LF:7
LH:7
BRDA:15,0,0,1
BRDA:15,0,1,2
BRDA:15,1,0,3
BRDA:15,1,1,2
BRDA:15,1,2,2
BRDA:15,1,3,2
BRDA:15,1,4,0
BRDA:15,1,5,2
BRDA:15,1,6,2
BRDA:15,1,7,2
BRDA:15,1,8,2
BRDA:22,2,0,1
BRDA:22,2,1,1
BRDA:22,3,0,2
BRDA:22,3,1,1
BRDA:22,3,2,1
BRDA:22,3,3,1
BRDA:22,3,4,1
BRDA:22,3,5,1
BRDA:22,3,6,1
BRF:20
BRH:19
end_of_record
TN:
SF:reviewManagement/commentReview/voteManage.js
FN:1,voteManage
FNF:1
FNH:0
FNDA:0,voteManage
DA:2,0
DA:3,0
DA:4,0
DA:17,0
DA:30,0
DA:31,0
DA:32,0
DA:44,0
DA:58,3
LF:9
LH:1
BRDA:2,0,0,0
BRDA:2,0,1,0
BRDA:3,1,0,0
BRDA:3,1,1,0
BRDA:30,2,0,0
BRDA:30,2,1,0
BRDA:31,3,0,0
BRDA:31,3,1,0
BRF:8
BRH:0
end_of_record
TN:
SF:reviewManagement/facilityReview/commentManage.js
FN:4,commentManage
FNF:1
FNH:0
FNDA:0,commentManage
DA:2,3
DA:3,3
DA:5,0
DA:6,0
DA:7,0
DA:8,0
DA:10,0
DA:11,0
DA:12,0
DA:18,0
DA:42,0
DA:43,0
DA:44,0
DA:46,0
DA:50,3
LF:15
LH:3
BRDA:7,0,0,0
BRDA:7,0,1,0
BRDA:7,1,0,0
BRDA:7,1,1,0
BRDA:7,1,2,0
BRDA:7,1,3,0
BRDA:7,1,4,0
BRDA:7,1,5,0
BRDA:7,1,6,0
BRDA:7,1,7,0
BRDA:12,2,0,0
BRDA:12,2,1,0
BRF:12
BRH:0
end_of_record
TN:
SF:reviewManagement/facilityReview/rateManage.js
FN:5,rateManage
FNF:1
FNH:1
FNDA:7,rateManage
DA:2,3
DA:3,3
DA:7,7
DA:8,7
DA:11,7
DA:12,0
DA:14,7
DA:15,0
DA:18,7
DA:19,7
DA:20,7
DA:21,7
DA:22,7
DA:23,4
DA:24,4
DA:25,10
DA:27,4
DA:28,0
DA:30,0
DA:31,0
DA:41,0
DA:49,0
DA:56,0
DA:57,0
DA:60,0
DA:74,3
LF:26
LH:16
BRDA:11,0,0,0
BRDA:11,0,1,7
BRDA:11,1,0,7
BRDA:11,1,1,0
BRDA:11,1,2,0
BRDA:11,1,3,0
BRDA:14,2,0,0
BRDA:14,2,1,7
BRDA:14,3,0,7
BRDA:14,3,1,7
BRDA:14,3,2,7
BRDA:14,3,3,7
BRDA:30,4,0,0
BRDA:30,4,1,0
BRF:14
BRH:7
end_of_record
TN:
SF:user/credit/creditCalculation.js
FN:14,creditCalculation
FNF:1
FNH:0
FNDA:0,creditCalculation
DA:15,0
DA:27,4
LF:2
LH:1
BRF:0
BRH:0
end_of_record
TN:
SF:user/credit/creditHandlingNormal.js
FN:5,(anonymous_0)
FNF:1
FNH:0
FNDA:0,(anonymous_0)
DA:1,4
DA:2,4
DA:4,4
DA:6,0
DA:7,0
DA:8,0
DA:10,0
DA:11,0
DA:12,0
DA:14,0
DA:15,0
DA:16,0
DA:17,0
DA:18,0
DA:19,0
DA:21,0
LF:16
LH:3
BRDA:14,0,0,0
BRDA:14,0,1,0
BRDA:17,1,0,0
BRDA:17,1,1,0
BRF:4
BRH:0
end_of_record
TN:
SF:user/notification/realTimeUpdate.js
FN:8,(anonymous_0)
FN:21,realTimeUpdate
FNF:2
FNH:0
FNDA:0,(anonymous_0)
FNDA:0,realTimeUpdate
DA:1,3
DA:2,3
DA:5,3
DA:7,3
DA:9,0
DA:12,3
DA:19,3
DA:23,0
DA:24,0
DA:25,0
DA:26,0
DA:29,0
DA:30,0
DA:32,0
DA:34,0
DA:35,0
DA:37,0
DA:38,0
DA:40,0
DA:41,0
DA:43,0
DA:44,0
DA:46,0
DA:47,0
DA:49,0
DA:50,0
DA:52,0
DA:53,0
DA:55,0
DA:56,0
DA:60,0
DA:61,0
DA:62,0
DA:65,0
DA:67,0
DA:68,0
DA:71,0
DA:72,0
DA:75,3
LF:39
LH:7
BRDA:25,0,0,0
BRDA:25,0,1,0
BRDA:25,1,0,0
BRDA:25,1,1,0
BRDA:32,2,0,0
BRDA:32,2,1,0
BRDA:32,2,2,0
BRDA:32,2,3,0
BRDA:32,2,4,0
BRDA:32,2,5,0
BRDA:32,2,6,0
BRDA:32,2,7,0
BRF:12
BRH:0
end_of_record
TN:
SF:user/signIn/google_sign_up.js
FN:3,google_sign_up
FNF:1
FNH:0
FNDA:0,google_sign_up
DA:1,3
DA:4,0
DA:5,0
DA:6,0
DA:7,0
DA:8,0
DA:11,0
DA:12,0
DA:15,0
DA:16,0
DA:17,0
DA:20,3
LF:12
LH:2
BRDA:5,0,0,0
BRDA:5,0,1,0
BRF:2
BRH:0
end_of_record
TN:
SF:user/signIn/insertUser.js
FN:1,insertUser
FNF:1
FNH:0
FNDA:0,insertUser
DA:2,0
DA:15,3
LF:2
LH:1
BRF:0
BRH:0
end_of_record
TN:
SF:user/userAccount/banUser.js
FN:1,banUser
FNF:1
FNH:0
FNDA:0,banUser
DA:2,0
DA:11,3
LF:2
LH:1
BRF:0
BRH:0
end_of_record
TN:
SF:user/userAccount/findTheUser.js
FN:1,findTheUser
FNF:1
FNH:0
FNDA:0,findTheUser
DA:2,0
DA:3,0
DA:4,0
DA:6,4
LF:4
LH:1
BRF:0
BRH:0
end_of_record
TN:
SF:user/userAccount/numberOfRate.js
FN:3,(anonymous_0)
FNF:1
FNH:0
FNDA:0,(anonymous_0)
DA:1,3
DA:4,0
LF:2
LH:1
BRF:0
BRH:0
end_of_record
TN:
SF:user/userAccount/numberOfReply.js
FN:2,(anonymous_0)
FNF:1
FNH:0
FNDA:0,(anonymous_0)
DA:1,3
DA:3,0
LF:2
LH:1
BRF:0
BRH:0
end_of_record
